<?xml version="1.0" encoding="UTF-8"?>
<coverage generated="1773300913887" clover="3.2.0">
  <project timestamp="1773300913887" name="All files">
    <metrics statements="50" coveredstatements="45" conditionals="18" coveredconditionals="16" methods="20" coveredmethods="19" elements="88" coveredelements="80" complexity="0" loc="50" ncloc="50" packages="2" files="2" classes="2"/>
    <package name="hooks">
      <metrics statements="45" coveredstatements="45" conditionals="18" coveredconditionals="16" methods="19" coveredmethods="19"/>
      <file name="useQuiz.ts" path="/home/eyal/Documents/TheoryApp/src/hooks/useQuiz.ts">
        <metrics statements="45" coveredstatements="45" conditionals="18" coveredconditionals="16" methods="19" coveredmethods="19"/>
        <line num="7" count="25" type="stmt"/>
        <line num="8" count="6" type="stmt"/>
        <line num="9" count="6" type="cond" truecount="2" falsecount="0"/>
        <line num="12" count="25" type="stmt"/>
        <line num="13" count="6" type="stmt"/>
        <line num="14" count="6" type="cond" truecount="2" falsecount="0"/>
        <line num="17" count="25" type="stmt"/>
        <line num="18" count="25" type="stmt"/>
        <line num="22" count="25" type="stmt"/>
        <line num="23" count="14" type="cond" truecount="4" falsecount="0"/>
        <line num="24" count="18" type="stmt"/>
        <line num="25" count="6" type="stmt"/>
        <line num="26" count="6" type="stmt"/>
        <line num="27" count="8" type="cond" truecount="3" falsecount="1"/>
        <line num="30" count="19" type="stmt"/>
        <line num="35" count="25" type="stmt"/>
        <line num="36" count="8" type="stmt"/>
        <line num="39" count="25" type="stmt"/>
        <line num="40" count="10" type="stmt"/>
        <line num="43" count="25" type="cond" truecount="2" falsecount="0"/>
        <line num="45" count="25" type="stmt"/>
        <line num="46" count="4" type="cond" truecount="1" falsecount="1"/>
        <line num="48" count="4" type="cond" truecount="2" falsecount="0"/>
        <line num="50" count="2" type="stmt"/>
        <line num="51" count="2" type="stmt"/>
        <line num="52" count="2" type="stmt"/>
        <line num="53" count="2" type="stmt"/>
        <line num="56" count="2" type="stmt"/>
        <line num="57" count="2" type="stmt"/>
        <line num="58" count="2" type="stmt"/>
        <line num="59" count="2" type="stmt"/>
        <line num="62" count="2" type="stmt"/>
        <line num="65" count="2" type="stmt"/>
        <line num="66" count="2" type="stmt"/>
        <line num="67" count="2" type="stmt"/>
        <line num="68" count="2" type="stmt"/>
        <line num="71" count="2" type="stmt"/>
        <line num="72" count="2" type="stmt"/>
        <line num="73" count="2" type="stmt"/>
        <line num="78" count="25" type="stmt"/>
        <line num="79" count="1" type="stmt"/>
        <line num="80" count="2" type="stmt"/>
        <line num="81" count="2" type="stmt"/>
        <line num="82" count="1" type="stmt"/>
        <line num="86" count="25" type="stmt"/>
      </file>
    </package>
    <package name="utils">
      <metrics statements="5" coveredstatements="0" conditionals="0" coveredconditionals="0" methods="1" coveredmethods="0"/>
      <file name="shuffle.ts" path="/home/eyal/Documents/TheoryApp/src/utils/shuffle.ts">
        <metrics statements="5" coveredstatements="0" conditionals="0" coveredconditionals="0" methods="1" coveredmethods="0"/>
        <line num="9" count="0" type="stmt"/>
        <line num="11" count="0" type="stmt"/>
        <line num="12" count="0" type="stmt"/>
        <line num="13" count="0" type="stmt"/>
        <line num="16" count="0" type="stmt"/>
      </file>
    </package>
  </project>
</coverage>
