<?xml version="1.0" encoding="UTF-8"?>
<coverage generated="1773413183844" clover="3.2.0">
  <project timestamp="1773413183844" name="All files">
    <metrics statements="287" coveredstatements="265" conditionals="211" coveredconditionals="181" methods="87" coveredmethods="70" elements="585" coveredelements="516" complexity="0" loc="287" ncloc="287" packages="4" files="11" classes="11"/>
    <package name="src">
      <metrics statements="126" coveredstatements="104" conditionals="118" coveredconditionals="103" methods="37" coveredmethods="20"/>
      <file name="App.tsx" path="/home/eyal/Documents/TheoryApp/src/App.tsx">
        <metrics statements="126" coveredstatements="104" conditionals="118" coveredconditionals="103" methods="37" coveredmethods="20"/>
        <line num="28" count="2" type="stmt"/>
        <line num="40" count="39" type="stmt"/>
        <line num="80" count="58" type="cond" truecount="2" falsecount="0"/>
        <line num="81" count="58" type="cond" truecount="3" falsecount="0"/>
        <line num="83" count="58" type="cond" truecount="2" falsecount="0"/>
        <line num="84" count="58" type="cond" truecount="3" falsecount="0"/>
        <line num="86" count="58" type="cond" truecount="2" falsecount="0"/>
        <line num="87" count="1" type="stmt"/>
        <line num="88" count="1" type="cond" truecount="2" falsecount="0"/>
        <line num="91" count="58" type="stmt"/>
        <line num="93" count="58" type="cond" truecount="4" falsecount="0"/>
        <line num="94" count="11" type="cond" truecount="2" falsecount="0"/>
        <line num="95" count="6" type="stmt"/>
        <line num="96" count="5" type="cond" truecount="5" falsecount="0"/>
        <line num="97" count="4" type="stmt"/>
        <line num="99" count="1" type="stmt"/>
        <line num="102" count="47" type="stmt"/>
        <line num="104" count="47" type="cond" truecount="5" falsecount="0"/>
        <line num="105" count="1" type="stmt"/>
        <line num="109" count="58" type="stmt"/>
        <line num="112" count="16" type="stmt"/>
        <line num="128" count="68" type="stmt"/>
        <line num="129" count="68" type="stmt"/>
        <line num="130" count="68" type="stmt"/>
        <line num="133" count="68" type="stmt"/>
        <line num="134" count="68" type="stmt"/>
        <line num="137" count="68" type="stmt"/>
        <line num="138" count="68" type="stmt"/>
        <line num="141" count="68" type="stmt"/>
        <line num="144" count="68" type="stmt"/>
        <line num="145" count="68" type="stmt"/>
        <line num="146" count="68" type="stmt"/>
        <line num="147" count="68" type="stmt"/>
        <line num="158" count="68" type="stmt"/>
        <line num="170" count="68" type="stmt"/>
        <line num="172" count="68" type="stmt"/>
        <line num="173" count="9" type="stmt"/>
        <line num="174" count="9" type="stmt"/>
        <line num="176" count="9" type="stmt"/>
        <line num="177" count="9" type="stmt"/>
        <line num="178" count="9" type="stmt"/>
        <line num="181" count="0" type="stmt"/>
        <line num="182" count="0" type="stmt"/>
        <line num="183" count="0" type="stmt"/>
        <line num="188" count="68" type="stmt"/>
        <line num="189" count="68" type="cond" truecount="4" falsecount="0"/>
        <line num="190" count="4" type="cond" truecount="2" falsecount="0"/>
        <line num="191" count="2" type="stmt"/>
        <line num="192" count="1" type="stmt"/>
        <line num="194" count="2" type="stmt"/>
        <line num="196" count="2" type="stmt"/>
        <line num="197" count="1" type="stmt"/>
        <line num="198" count="1" type="stmt"/>
        <line num="199" count="1" type="stmt"/>
        <line num="201" count="2" type="stmt"/>
        <line num="206" count="68" type="stmt"/>
        <line num="207" count="16" type="cond" truecount="1" falsecount="1"/>
        <line num="209" count="16" type="cond" truecount="4" falsecount="0"/>
        <line num="210" count="11" type="stmt"/>
        <line num="211" count="11" type="cond" truecount="1" falsecount="1"/>
        <line num="213" count="11" type="stmt"/>
        <line num="215" count="11" type="cond" truecount="2" falsecount="0"/>
        <line num="216" count="10" type="stmt"/>
        <line num="218" count="11" type="stmt"/>
        <line num="221" count="5" type="cond" truecount="1" falsecount="1"/>
        <line num="222" count="5" type="cond" truecount="1" falsecount="1"/>
        <line num="224" count="5" type="stmt"/>
        <line num="225" count="5" type="stmt"/>
        <line num="227" count="5" type="stmt"/>
        <line num="229" count="5" type="stmt"/>
        <line num="230" count="5" type="stmt"/>
        <line num="231" count="5" type="stmt"/>
        <line num="232" count="5" type="stmt"/>
        <line num="237" count="68" type="stmt"/>
        <line num="238" count="4" type="cond" truecount="2" falsecount="0"/>
        <line num="239" count="3" type="stmt"/>
        <line num="240" count="3" type="stmt"/>
        <line num="241" count="3" type="stmt"/>
        <line num="243" count="1" type="stmt"/>
        <line num="244" count="1" type="stmt"/>
        <line num="248" count="68" type="stmt"/>
        <line num="249" count="3" type="stmt"/>
        <line num="250" count="3" type="stmt"/>
        <line num="251" count="3" type="stmt"/>
        <line num="252" count="3" type="stmt"/>
        <line num="253" count="3" type="stmt"/>
        <line num="254" count="3" type="stmt"/>
        <line num="255" count="3" type="stmt"/>
        <line num="258" count="68" type="stmt"/>
        <line num="259" count="0" type="cond" truecount="0" falsecount="2"/>
        <line num="260" count="0" type="stmt"/>
        <line num="264" count="68" type="stmt"/>
        <line num="265" count="0" type="stmt"/>
        <line num="266" count="0" type="cond" truecount="0" falsecount="2"/>
        <line num="267" count="0" type="stmt"/>
        <line num="272" count="68" type="stmt"/>
        <line num="273" count="0" type="cond" truecount="0" falsecount="2"/>
        <line num="274" count="0" type="stmt"/>
        <line num="275" count="0" type="stmt"/>
        <line num="276" count="0" type="stmt"/>
        <line num="280" count="68" type="stmt"/>
        <line num="281" count="1" type="stmt"/>
        <line num="282" count="1" type="stmt"/>
        <line num="285" count="68" type="stmt"/>
        <line num="286" count="0" type="stmt"/>
        <line num="287" count="0" type="stmt"/>
        <line num="290" count="68" type="stmt"/>
        <line num="291" count="23" type="stmt"/>
        <line num="294" count="68" type="cond" truecount="2" falsecount="0"/>
        <line num="295" count="9" type="stmt"/>
        <line num="302" count="59" type="cond" truecount="1" falsecount="1"/>
        <line num="303" count="0" type="stmt"/>
        <line num="309" count="0" type="stmt"/>
        <line num="321" count="59" type="cond" truecount="5" falsecount="0"/>
        <line num="322" count="1" type="stmt"/>
        <line num="328" count="1" type="stmt"/>
        <line num="329" count="0" type="stmt"/>
        <line num="336" count="58" type="cond" truecount="2" falsecount="0"/>
        <line num="338" count="68" type="cond" truecount="5" falsecount="0"/>
        <line num="339" count="9" type="stmt"/>
        <line num="361" count="49" type="stmt"/>
        <line num="431" count="0" type="stmt"/>
        <line num="461" count="0" type="stmt"/>
        <line num="470" count="0" type="stmt"/>
        <line num="486" count="0" type="stmt"/>
        <line num="512" count="0" type="stmt"/>
      </file>
    </package>
    <package name="src.components">
      <metrics statements="27" coveredstatements="27" conditionals="27" coveredconditionals="27" methods="13" coveredmethods="13"/>
      <file name="RemainingCount.tsx" path="/home/eyal/Documents/TheoryApp/src/components/RemainingCount.tsx">
        <metrics statements="1" coveredstatements="1" conditionals="0" coveredconditionals="0" methods="1" coveredmethods="1"/>
        <line num="8" count="32" type="stmt"/>
      </file>
      <file name="ReviewModal.tsx" path="/home/eyal/Documents/TheoryApp/src/components/ReviewModal.tsx">
        <metrics statements="1" coveredstatements="1" conditionals="2" coveredconditionals="2" methods="1" coveredmethods="1"/>
        <line num="11" count="49" type="stmt"/>
      </file>
      <file name="TestModeHeader.tsx" path="/home/eyal/Documents/TheoryApp/src/components/TestModeHeader.tsx">
        <metrics statements="6" coveredstatements="6" conditionals="4" coveredconditionals="4" methods="2" coveredmethods="2"/>
        <line num="10" count="3" type="stmt"/>
        <line num="11" count="24" type="stmt"/>
        <line num="12" count="24" type="stmt"/>
        <line num="13" count="24" type="stmt"/>
        <line num="14" count="24" type="stmt"/>
        <line num="17" count="24" type="stmt"/>
      </file>
      <file name="TestModeNavigation.tsx" path="/home/eyal/Documents/TheoryApp/src/components/TestModeNavigation.tsx">
        <metrics statements="7" coveredstatements="7" conditionals="6" coveredconditionals="6" methods="3" coveredmethods="3"/>
        <line num="12" count="3" type="stmt"/>
        <line num="19" count="24" type="stmt"/>
        <line num="23" count="340" type="stmt"/>
        <line num="24" count="340" type="stmt"/>
        <line num="25" count="340" type="stmt"/>
        <line num="27" count="340" type="stmt"/>
        <line num="30" count="1" type="stmt"/>
      </file>
      <file name="TestModeResult.tsx" path="/home/eyal/Documents/TheoryApp/src/components/TestModeResult.tsx">
        <metrics statements="6" coveredstatements="6" conditionals="10" coveredconditionals="10" methods="2" coveredmethods="2"/>
        <line num="13" count="3" type="stmt"/>
        <line num="20" count="6" type="stmt"/>
        <line num="21" count="6" type="stmt"/>
        <line num="22" count="6" type="stmt"/>
        <line num="23" count="6" type="stmt"/>
        <line num="26" count="6" type="stmt"/>
      </file>
      <file name="Toast.tsx" path="/home/eyal/Documents/TheoryApp/src/components/Toast.tsx">
        <metrics statements="6" coveredstatements="6" conditionals="5" coveredconditionals="5" methods="4" coveredmethods="4"/>
        <line num="13" count="52" type="stmt"/>
        <line num="14" count="52" type="cond" truecount="2" falsecount="0"/>
        <line num="15" count="16" type="stmt"/>
        <line num="16" count="1" type="stmt"/>
        <line num="18" count="16" type="stmt"/>
        <line num="22" count="52" type="stmt"/>
      </file>
    </package>
    <package name="src.hooks">
      <metrics statements="102" coveredstatements="102" conditionals="40" coveredconditionals="33" methods="35" coveredmethods="35"/>
      <file name="useQuiz.ts" path="/home/eyal/Documents/TheoryApp/src/hooks/useQuiz.ts">
        <metrics statements="55" coveredstatements="55" conditionals="26" coveredconditionals="23" methods="21" coveredmethods="21"/>
        <line num="13" count="102" type="stmt"/>
        <line num="14" count="16" type="stmt"/>
        <line num="15" count="16" type="cond" truecount="2" falsecount="0"/>
        <line num="18" count="102" type="stmt"/>
        <line num="19" count="16" type="stmt"/>
        <line num="20" count="16" type="cond" truecount="2" falsecount="0"/>
        <line num="23" count="102" type="stmt"/>
        <line num="24" count="102" type="stmt"/>
        <line num="27" count="102" type="stmt"/>
        <line num="31" count="102" type="stmt"/>
        <line num="32" count="45" type="cond" truecount="4" falsecount="0"/>
        <line num="33" count="175" type="stmt"/>
        <line num="34" count="16" type="stmt"/>
        <line num="35" count="16" type="stmt"/>
        <line num="36" count="29" type="cond" truecount="4" falsecount="0"/>
        <line num="39" count="139" type="stmt"/>
        <line num="44" count="102" type="stmt"/>
        <line num="45" count="20" type="stmt"/>
        <line num="48" count="102" type="stmt"/>
        <line num="49" count="29" type="stmt"/>
        <line num="52" count="102" type="cond" truecount="2" falsecount="0"/>
        <line num="54" count="102" type="stmt"/>
        <line num="55" count="13" type="cond" truecount="1" falsecount="1"/>
        <line num="58" count="13" type="cond" truecount="2" falsecount="0"/>
        <line num="59" count="4" type="stmt"/>
        <line num="60" count="4" type="cond" truecount="1" falsecount="1"/>
        <line num="61" count="4" type="stmt"/>
        <line num="69" count="13" type="cond" truecount="2" falsecount="0"/>
        <line num="71" count="4" type="stmt"/>
        <line num="72" count="4" type="stmt"/>
        <line num="73" count="4" type="stmt"/>
        <line num="74" count="4" type="stmt"/>
        <line num="77" count="4" type="stmt"/>
        <line num="78" count="4" type="stmt"/>
        <line num="79" count="4" type="stmt"/>
        <line num="80" count="4" type="stmt"/>
        <line num="83" count="4" type="stmt"/>
        <line num="86" count="9" type="stmt"/>
        <line num="87" count="9" type="stmt"/>
        <line num="88" count="9" type="stmt"/>
        <line num="89" count="9" type="stmt"/>
        <line num="92" count="9" type="stmt"/>
        <line num="93" count="9" type="stmt"/>
        <line num="94" count="9" type="stmt"/>
        <line num="99" count="102" type="stmt"/>
        <line num="100" count="6" type="stmt"/>
        <line num="101" count="6" type="cond" truecount="1" falsecount="1"/>
        <line num="103" count="6" type="stmt"/>
        <line num="109" count="6" type="stmt"/>
        <line num="110" count="13" type="stmt"/>
        <line num="111" count="13" type="stmt"/>
        <line num="112" count="6" type="stmt"/>
        <line num="116" count="102" type="stmt"/>
        <line num="117" count="1" type="stmt"/>
        <line num="120" count="102" type="stmt"/>
      </file>
      <file name="useTestMode.ts" path="/home/eyal/Documents/TheoryApp/src/hooks/useTestMode.ts">
        <metrics statements="47" coveredstatements="47" conditionals="14" coveredconditionals="10" methods="14" coveredmethods="14"/>
        <line num="6" count="80" type="stmt"/>
        <line num="7" count="80" type="stmt"/>
        <line num="8" count="80" type="stmt"/>
        <line num="9" count="80" type="stmt"/>
        <line num="10" count="80" type="stmt"/>
        <line num="11" count="80" type="stmt"/>
        <line num="12" count="80" type="stmt"/>
        <line num="13" count="80" type="stmt"/>
        <line num="14" count="80" type="stmt"/>
        <line num="16" count="80" type="stmt"/>
        <line num="17" count="3" type="stmt"/>
        <line num="18" count="3" type="cond" truecount="1" falsecount="1"/>
        <line num="20" count="3" type="stmt"/>
        <line num="21" count="40" type="stmt"/>
        <line num="22" count="40" type="cond" truecount="1" falsecount="1"/>
        <line num="23" count="40" type="cond" truecount="2" falsecount="0"/>
        <line num="26" count="3" type="stmt"/>
        <line num="27" count="3" type="stmt"/>
        <line num="30" count="80" type="stmt"/>
        <line num="31" count="428" type="stmt"/>
        <line num="32" count="428" type="stmt"/>
        <line num="33" count="428" type="stmt"/>
        <line num="34" count="428" type="stmt"/>
        <line num="36" count="7" type="stmt"/>
        <line num="37" count="7" type="stmt"/>
        <line num="38" count="7" type="stmt"/>
        <line num="39" count="7" type="stmt"/>
        <line num="40" count="7" type="stmt"/>
        <line num="41" count="7" type="stmt"/>
        <line num="42" count="7" type="stmt"/>
        <line num="43" count="7" type="stmt"/>
        <line num="44" count="7" type="stmt"/>
        <line num="46" count="7" type="cond" truecount="1" falsecount="1"/>
        <line num="47" count="7" type="stmt"/>
        <line num="48" count="2406" type="stmt"/>
        <line num="49" count="2406" type="cond" truecount="2" falsecount="0"/>
        <line num="50" count="1" type="cond" truecount="1" falsecount="1"/>
        <line num="51" count="1" type="stmt"/>
        <line num="52" count="1" type="stmt"/>
        <line num="54" count="2405" type="stmt"/>
        <line num="59" count="80" type="stmt"/>
        <line num="60" count="41" type="stmt"/>
        <line num="61" count="41" type="stmt"/>
        <line num="64" count="80" type="stmt"/>
        <line num="65" count="13" type="stmt"/>
        <line num="66" count="13" type="cond" truecount="2" falsecount="0"/>
        <line num="70" count="80" type="stmt"/>
      </file>
    </package>
    <package name="src.utils">
      <metrics statements="32" coveredstatements="32" conditionals="26" coveredconditionals="18" methods="2" coveredmethods="2"/>
      <file name="dataParser.ts" path="/home/eyal/Documents/TheoryApp/src/utils/dataParser.ts">
        <metrics statements="27" coveredstatements="27" conditionals="26" coveredconditionals="18" methods="1" coveredmethods="1"/>
        <line num="4" count="10" type="stmt"/>
        <line num="5" count="10" type="cond" truecount="1" falsecount="1"/>
        <line num="6" count="10" type="stmt"/>
        <line num="7" count="10" type="stmt"/>
        <line num="9" count="10" type="stmt"/>
        <line num="10" count="157" type="cond" truecount="1" falsecount="1"/>
        <line num="11" count="157" type="cond" truecount="1" falsecount="1"/>
        <line num="12" count="157" type="cond" truecount="1" falsecount="1"/>
        <line num="15" count="157" type="stmt"/>
        <line num="16" count="157" type="cond" truecount="1" falsecount="1"/>
        <line num="17" count="157" type="cond" truecount="1" falsecount="1"/>
        <line num="20" count="157" type="stmt"/>
        <line num="21" count="157" type="stmt"/>
        <line num="22" count="157" type="stmt"/>
        <line num="24" count="157" type="stmt"/>
        <line num="25" count="169" type="stmt"/>
        <line num="26" count="169" type="stmt"/>
        <line num="27" count="169" type="cond" truecount="1" falsecount="1"/>
        <line num="28" count="169" type="cond" truecount="2" falsecount="0"/>
        <line num="30" count="169" type="cond" truecount="1" falsecount="1"/>
        <line num="31" count="169" type="stmt"/>
        <line num="35" count="157" type="stmt"/>
        <line num="36" count="157" type="cond" truecount="2" falsecount="0"/>
        <line num="39" count="157" type="stmt"/>
        <line num="41" count="157" type="cond" truecount="6" falsecount="0"/>
        <line num="42" count="156" type="stmt"/>
        <line num="52" count="10" type="stmt"/>
      </file>
      <file name="shuffle.ts" path="/home/eyal/Documents/TheoryApp/src/utils/shuffle.ts">
        <metrics statements="5" coveredstatements="5" conditionals="0" coveredconditionals="0" methods="1" coveredmethods="1"/>
        <line num="9" count="24" type="stmt"/>
        <line num="11" count="24" type="stmt"/>
        <line num="12" count="523" type="stmt"/>
        <line num="13" count="523" type="stmt"/>
        <line num="16" count="24" type="stmt"/>
      </file>
    </package>
  </project>
</coverage>
