{"/home/eyal/Documents/TheoryApp/src/App.tsx": {"path":"/home/eyal/Documents/TheoryApp/src/App.tsx","statementMap":{"0":{"start":{"line":9,"column":38},"end":{"line":9,"column":null}},"1":{"start":{"line":10,"column":28},"end":{"line":10,"column":null}},"2":{"start":{"line":11,"column":24},"end":{"line":11,"column":null}},"3":{"start":{"line":14,"column":52},"end":{"line":14,"column":null}},"4":{"start":{"line":15,"column":36},"end":{"line":15,"column":null}},"5":{"start":{"line":23,"column":2},"end":{"line":23,"column":null}},"6":{"start":{"line":25,"column":2},"end":{"line":38,"column":null}},"7":{"start":{"line":26,"column":4},"end":{"line":37,"column":null}},"8":{"start":{"line":27,"column":21},"end":{"line":27,"column":31}},"9":{"start":{"line":29,"column":14},"end":{"line":29,"column":null}},"10":{"start":{"line":30,"column":8},"end":{"line":30,"column":null}},"11":{"start":{"line":31,"column":8},"end":{"line":31,"column":null}},"12":{"start":{"line":34,"column":8},"end":{"line":34,"column":null}},"13":{"start":{"line":35,"column":8},"end":{"line":35,"column":null}},"14":{"start":{"line":36,"column":8},"end":{"line":36,"column":null}},"15":{"start":{"line":40,"column":25},"end":{"line":54,"column":null}},"16":{"start":{"line":41,"column":4},"end":{"line":41,"column":null}},"17":{"start":{"line":41,"column":41},"end":{"line":41,"column":null}},"18":{"start":{"line":43,"column":4},"end":{"line":43,"column":null}},"19":{"start":{"line":44,"column":4},"end":{"line":44,"column":null}},"20":{"start":{"line":46,"column":22},"end":{"line":46,"column":null}},"21":{"start":{"line":49,"column":4},"end":{"line":53,"column":null}},"22":{"start":{"line":50,"column":6},"end":{"line":50,"column":null}},"23":{"start":{"line":51,"column":6},"end":{"line":51,"column":null}},"24":{"start":{"line":52,"column":6},"end":{"line":52,"column":null}},"25":{"start":{"line":56,"column":24},"end":{"line":62,"column":null}},"26":{"start":{"line":57,"column":4},"end":{"line":61,"column":null}},"27":{"start":{"line":58,"column":6},"end":{"line":58,"column":null}},"28":{"start":{"line":59,"column":6},"end":{"line":59,"column":null}},"29":{"start":{"line":60,"column":6},"end":{"line":60,"column":null}},"30":{"start":{"line":64,"column":2},"end":{"line":70,"column":null}},"31":{"start":{"line":65,"column":4},"end":{"line":68,"column":null}},"32":{"start":{"line":72,"column":2},"end":{"line":88,"column":null}},"33":{"start":{"line":73,"column":4},"end":{"line":86,"column":null}},"34":{"start":{"line":79,"column":27},"end":{"line":79,"column":null}},"35":{"start":{"line":90,"column":2},"end":{"line":111,"column":null}},"36":{"start":{"line":91,"column":4},"end":{"line":109,"column":null}},"37":{"start":{"line":113,"column":2},"end":{"line":232,"column":null}},"38":{"start":{"line":185,"column":37},"end":{"line":185,"column":null}},"39":{"start":{"line":186,"column":38},"end":{"line":186,"column":null}},"40":{"start":{"line":187,"column":40},"end":{"line":187,"column":null}},"41":{"start":{"line":189,"column":36},"end":{"line":189,"column":null}},"42":{"start":{"line":191,"column":18},"end":{"line":201,"column":null}},"43":{"start":{"line":192,"column":20},"end":{"line":198,"column":null}},"44":{"start":{"line":193,"column":22},"end":{"line":193,"column":null}},"45":{"start":{"line":194,"column":20},"end":{"line":198,"column":null}},"46":{"start":{"line":195,"column":22},"end":{"line":195,"column":null}},"47":{"start":{"line":197,"column":22},"end":{"line":197,"column":null}},"48":{"start":{"line":200,"column":20},"end":{"line":200,"column":null}},"49":{"start":{"line":203,"column":18},"end":{"line":213,"column":null}},"50":{"start":{"line":206,"column":37},"end":{"line":206,"column":null}}},"fnMap":{"0":{"name":"App","decl":{"start":{"line":8,"column":24},"end":{"line":8,"column":30}},"loc":{"start":{"line":8,"column":30},"end":{"line":234,"column":null}},"line":8},"1":{"name":"(anonymous_1)","decl":{"start":{"line":25,"column":12},"end":{"line":25,"column":18}},"loc":{"start":{"line":25,"column":18},"end":{"line":38,"column":5}},"line":25},"2":{"name":"(anonymous_2)","decl":{"start":{"line":27,"column":12},"end":{"line":27,"column":13}},"loc":{"start":{"line":27,"column":21},"end":{"line":27,"column":31}},"line":27},"3":{"name":"(anonymous_3)","decl":{"start":{"line":28,"column":12},"end":{"line":28,"column":13}},"loc":{"start":{"line":28,"column":22},"end":{"line":32,"column":7}},"line":28},"4":{"name":"(anonymous_4)","decl":{"start":{"line":33,"column":13},"end":{"line":33,"column":14}},"loc":{"start":{"line":33,"column":22},"end":{"line":37,"column":7}},"line":33},"5":{"name":"(anonymous_5)","decl":{"start":{"line":40,"column":25},"end":{"line":40,"column":26}},"loc":{"start":{"line":40,"column":44},"end":{"line":54,"column":null}},"line":40},"6":{"name":"(anonymous_6)","decl":{"start":{"line":49,"column":15},"end":{"line":49,"column":21}},"loc":{"start":{"line":49,"column":21},"end":{"line":53,"column":7}},"line":49},"7":{"name":"(anonymous_7)","decl":{"start":{"line":56,"column":24},"end":{"line":56,"column":30}},"loc":{"start":{"line":56,"column":30},"end":{"line":62,"column":null}},"line":56},"8":{"name":"(anonymous_8)","decl":{"start":{"line":79,"column":21},"end":{"line":79,"column":27}},"loc":{"start":{"line":79,"column":27},"end":{"line":79,"column":null}},"line":79},"9":{"name":"(anonymous_9)","decl":{"start":{"line":184,"column":45},"end":{"line":184,"column":46}},"loc":{"start":{"line":184,"column":64},"end":{"line":215,"column":17}},"line":184},"10":{"name":"(anonymous_10)","decl":{"start":{"line":206,"column":31},"end":{"line":206,"column":37}},"loc":{"start":{"line":206,"column":37},"end":{"line":206,"column":null}},"line":206}},"branchMap":{"0":{"loc":{"start":{"line":41,"column":4},"end":{"line":41,"column":null}},"type":"if","locations":[{"start":{"line":41,"column":4},"end":{"line":41,"column":null}},{"start":{},"end":{}}],"line":41},"1":{"loc":{"start":{"line":41,"column":8},"end":{"line":41,"column":41}},"type":"binary-expr","locations":[{"start":{"line":41,"column":8},"end":{"line":41,"column":23}},{"start":{"line":41,"column":23},"end":{"line":41,"column":41}}],"line":41},"2":{"loc":{"start":{"line":57,"column":4},"end":{"line":61,"column":null}},"type":"if","locations":[{"start":{"line":57,"column":4},"end":{"line":61,"column":null}},{"start":{},"end":{}}],"line":57},"3":{"loc":{"start":{"line":64,"column":2},"end":{"line":70,"column":null}},"type":"if","locations":[{"start":{"line":64,"column":2},"end":{"line":70,"column":null}},{"start":{},"end":{}}],"line":64},"4":{"loc":{"start":{"line":72,"column":2},"end":{"line":88,"column":null}},"type":"if","locations":[{"start":{"line":72,"column":2},"end":{"line":88,"column":null}},{"start":{},"end":{}}],"line":72},"5":{"loc":{"start":{"line":90,"column":2},"end":{"line":111,"column":null}},"type":"if","locations":[{"start":{"line":90,"column":2},"end":{"line":111,"column":null}},{"start":{},"end":{}}],"line":90},"6":{"loc":{"start":{"line":90,"column":6},"end":{"line":90,"column":51}},"type":"binary-expr","locations":[{"start":{"line":90,"column":6},"end":{"line":90,"column":26}},{"start":{"line":90,"column":26},"end":{"line":90,"column":51}}],"line":90},"7":{"loc":{"start":{"line":153,"column":11},"end":{"line":217,"column":null}},"type":"binary-expr","locations":[{"start":{"line":153,"column":11},"end":{"line":153,"column":null}},{"start":{"line":154,"column":12},"end":{"line":217,"column":null}}],"line":153},"8":{"loc":{"start":{"line":163,"column":17},"end":{"line":170,"column":null}},"type":"binary-expr","locations":[{"start":{"line":163,"column":17},"end":{"line":163,"column":null}},{"start":{"line":164,"column":18},"end":{"line":170,"column":null}}],"line":163},"9":{"loc":{"start":{"line":174,"column":21},"end":{"line":174,"column":null}},"type":"binary-expr","locations":[{"start":{"line":174,"column":21},"end":{"line":174,"column":49}},{"start":{"line":174,"column":49},"end":{"line":174,"column":null}}],"line":174},"10":{"loc":{"start":{"line":186,"column":38},"end":{"line":186,"column":null}},"type":"binary-expr","locations":[{"start":{"line":186,"column":38},"end":{"line":186,"column":53}},{"start":{"line":186,"column":53},"end":{"line":186,"column":null}}],"line":186},"11":{"loc":{"start":{"line":187,"column":40},"end":{"line":187,"column":null}},"type":"binary-expr","locations":[{"start":{"line":187,"column":40},"end":{"line":187,"column":55}},{"start":{"line":187,"column":55},"end":{"line":187,"column":69}},{"start":{"line":187,"column":69},"end":{"line":187,"column":null}}],"line":187},"12":{"loc":{"start":{"line":191,"column":18},"end":{"line":201,"column":null}},"type":"if","locations":[{"start":{"line":191,"column":18},"end":{"line":201,"column":null}},{"start":{"line":199,"column":25},"end":{"line":201,"column":null}}],"line":191},"13":{"loc":{"start":{"line":192,"column":20},"end":{"line":198,"column":null}},"type":"if","locations":[{"start":{"line":192,"column":20},"end":{"line":198,"column":null}},{"start":{"line":194,"column":20},"end":{"line":198,"column":null}}],"line":192},"14":{"loc":{"start":{"line":194,"column":20},"end":{"line":198,"column":null}},"type":"if","locations":[{"start":{"line":194,"column":20},"end":{"line":198,"column":null}},{"start":{"line":196,"column":27},"end":{"line":198,"column":null}}],"line":194},"15":{"loc":{"start":{"line":211,"column":23},"end":{"line":211,"column":null}},"type":"binary-expr","locations":[{"start":{"line":211,"column":23},"end":{"line":211,"column":38}},{"start":{"line":211,"column":38},"end":{"line":211,"column":null}}],"line":211},"16":{"loc":{"start":{"line":212,"column":23},"end":{"line":212,"column":null}},"type":"binary-expr","locations":[{"start":{"line":212,"column":23},"end":{"line":212,"column":40}},{"start":{"line":212,"column":40},"end":{"line":212,"column":null}}],"line":212}},"s":{"0":8,"1":8,"2":8,"3":8,"4":8,"5":8,"6":8,"7":2,"8":2,"9":2,"10":2,"11":2,"12":0,"13":0,"14":0,"15":8,"16":0,"17":0,"18":0,"19":0,"20":0,"21":0,"22":0,"23":0,"24":0,"25":8,"26":0,"27":0,"28":0,"29":0,"30":8,"31":3,"32":5,"33":0,"34":0,"35":5,"36":2,"37":3,"38":6,"39":6,"40":6,"41":6,"42":6,"43":0,"44":0,"45":0,"46":0,"47":0,"48":6,"49":6,"50":0},"f":{"0":8,"1":2,"2":2,"3":2,"4":0,"5":0,"6":0,"7":0,"8":0,"9":6,"10":0},"b":{"0":[0,0],"1":[0,0],"2":[0,0],"3":[3,5],"4":[0,5],"5":[2,3],"6":[5,2],"7":[3,3],"8":[3,0],"9":[3,0],"10":[6,0],"11":[6,0,0],"12":[0,6],"13":[0,0],"14":[0,0],"15":[6,0],"16":[6,0]},"meta":{"lastBranch":17,"lastFunction":11,"lastStatement":51,"seen":{"f:8:24:8:30":0,"s:9:38:9:Infinity":0,"s:10:28:10:Infinity":1,"s:11:24:11:Infinity":2,"s:14:52:14:Infinity":3,"s:15:36:15:Infinity":4,"s:23:2:23:Infinity":5,"s:25:2:38:Infinity":6,"f:25:12:25:18":1,"s:26:4:37:Infinity":7,"f:27:12:27:13":2,"s:27:21:27:31":8,"f:28:12:28:13":3,"s:29:14:29:Infinity":9,"s:30:8:30:Infinity":10,"s:31:8:31:Infinity":11,"f:33:13:33:14":4,"s:34:8:34:Infinity":12,"s:35:8:35:Infinity":13,"s:36:8:36:Infinity":14,"s:40:25:54:Infinity":15,"f:40:25:40:26":5,"b:41:4:41:Infinity:undefined:undefined:undefined:undefined":0,"s:41:4:41:Infinity":16,"b:41:8:41:23:41:23:41:41":1,"s:41:41:41:Infinity":17,"s:43:4:43:Infinity":18,"s:44:4:44:Infinity":19,"s:46:22:46:Infinity":20,"s:49:4:53:Infinity":21,"f:49:15:49:21":6,"s:50:6:50:Infinity":22,"s:51:6:51:Infinity":23,"s:52:6:52:Infinity":24,"s:56:24:62:Infinity":25,"f:56:24:56:30":7,"b:57:4:61:Infinity:undefined:undefined:undefined:undefined":2,"s:57:4:61:Infinity":26,"s:58:6:58:Infinity":27,"s:59:6:59:Infinity":28,"s:60:6:60:Infinity":29,"b:64:2:70:Infinity:undefined:undefined:undefined:undefined":3,"s:64:2:70:Infinity":30,"s:65:4:68:Infinity":31,"b:72:2:88:Infinity:undefined:undefined:undefined:undefined":4,"s:72:2:88:Infinity":32,"s:73:4:86:Infinity":33,"f:79:21:79:27":8,"s:79:27:79:Infinity":34,"b:90:2:111:Infinity:undefined:undefined:undefined:undefined":5,"s:90:2:111:Infinity":35,"b:90:6:90:26:90:26:90:51":6,"s:91:4:109:Infinity":36,"s:113:2:232:Infinity":37,"b:153:11:153:Infinity:154:12:217:Infinity":7,"b:163:17:163:Infinity:164:18:170:Infinity":8,"b:174:21:174:49:174:49:174:Infinity":9,"f:184:45:184:46":9,"s:185:37:185:Infinity":38,"s:186:38:186:Infinity":39,"b:186:38:186:53:186:53:186:Infinity":10,"s:187:40:187:Infinity":40,"b:187:40:187:55:187:55:187:69:187:69:187:Infinity":11,"s:189:36:189:Infinity":41,"b:191:18:201:Infinity:199:25:201:Infinity":12,"s:191:18:201:Infinity":42,"b:192:20:198:Infinity:194:20:198:Infinity":13,"s:192:20:198:Infinity":43,"s:193:22:193:Infinity":44,"b:194:20:198:Infinity:196:27:198:Infinity":14,"s:194:20:198:Infinity":45,"s:195:22:195:Infinity":46,"s:197:22:197:Infinity":47,"s:200:20:200:Infinity":48,"s:203:18:213:Infinity":49,"f:206:31:206:37":10,"s:206:37:206:Infinity":50,"b:211:23:211:38:211:38:211:Infinity":15,"b:212:23:212:40:212:40:212:Infinity":16}}}
,"/home/eyal/Documents/TheoryApp/src/hooks/useQuiz.ts": {"path":"/home/eyal/Documents/TheoryApp/src/hooks/useQuiz.ts","statementMap":{"0":{"start":{"line":6,"column":32},"end":{"line":6,"column":null}},"1":{"start":{"line":7,"column":30},"end":{"line":7,"column":null}},"2":{"start":{"line":8,"column":32},"end":{"line":8,"column":null}},"3":{"start":{"line":9,"column":36},"end":{"line":9,"column":null}},"4":{"start":{"line":12,"column":2},"end":{"line":22,"column":null}},"5":{"start":{"line":13,"column":23},"end":{"line":13,"column":null}},"6":{"start":{"line":14,"column":24},"end":{"line":14,"column":null}},"7":{"start":{"line":16,"column":4},"end":{"line":18,"column":null}},"8":{"start":{"line":17,"column":6},"end":{"line":17,"column":null}},"9":{"start":{"line":19,"column":4},"end":{"line":21,"column":null}},"10":{"start":{"line":20,"column":6},"end":{"line":20,"column":null}},"11":{"start":{"line":26,"column":2},"end":{"line":36,"column":null}},"12":{"start":{"line":27,"column":4},"end":{"line":35,"column":null}},"13":{"start":{"line":28,"column":23},"end":{"line":28,"column":null}},"14":{"start":{"line":28,"column":52},"end":{"line":28,"column":71}},"15":{"start":{"line":29,"column":6},"end":{"line":29,"column":null}},"16":{"start":{"line":30,"column":6},"end":{"line":30,"column":null}},"17":{"start":{"line":31,"column":4},"end":{"line":35,"column":null}},"18":{"start":{"line":34,"column":6},"end":{"line":34,"column":null}},"19":{"start":{"line":34,"column":27},"end":{"line":34,"column":64}},"20":{"start":{"line":34,"column":44},"end":{"line":34,"column":63}},"21":{"start":{"line":39,"column":2},"end":{"line":41,"column":null}},"22":{"start":{"line":40,"column":4},"end":{"line":40,"column":null}},"23":{"start":{"line":43,"column":2},"end":{"line":45,"column":null}},"24":{"start":{"line":44,"column":4},"end":{"line":44,"column":null}},"25":{"start":{"line":47,"column":26},"end":{"line":47,"column":null}},"26":{"start":{"line":49,"column":23},"end":{"line":72,"column":null}},"27":{"start":{"line":50,"column":4},"end":{"line":50,"column":null}},"28":{"start":{"line":50,"column":26},"end":{"line":50,"column":null}},"29":{"start":{"line":52,"column":4},"end":{"line":71,"column":null}},"30":{"start":{"line":54,"column":6},"end":{"line":54,"column":null}},"31":{"start":{"line":54,"column":26},"end":{"line":54,"column":63}},"32":{"start":{"line":56,"column":6},"end":{"line":60,"column":null}},"33":{"start":{"line":57,"column":21},"end":{"line":57,"column":null}},"34":{"start":{"line":58,"column":8},"end":{"line":58,"column":null}},"35":{"start":{"line":59,"column":8},"end":{"line":59,"column":null}},"36":{"start":{"line":62,"column":6},"end":{"line":62,"column":null}},"37":{"start":{"line":62,"column":27},"end":{"line":62,"column":40}},"38":{"start":{"line":65,"column":6},"end":{"line":65,"column":null}},"39":{"start":{"line":65,"column":27},"end":{"line":65,"column":64}},"40":{"start":{"line":67,"column":6},"end":{"line":70,"column":null}},"41":{"start":{"line":68,"column":33},"end":{"line":68,"column":null}},"42":{"start":{"line":69,"column":8},"end":{"line":69,"column":null}},"43":{"start":{"line":74,"column":2},"end":{"line":81,"column":null}}},"fnMap":{"0":{"name":"useQuiz","decl":{"start":{"line":5,"column":16},"end":{"line":5,"column":24}},"loc":{"start":{"line":5,"column":54},"end":{"line":82,"column":null}},"line":5},"1":{"name":"(anonymous_1)","decl":{"start":{"line":12,"column":12},"end":{"line":12,"column":18}},"loc":{"start":{"line":12,"column":18},"end":{"line":22,"column":5}},"line":12},"2":{"name":"(anonymous_2)","decl":{"start":{"line":26,"column":12},"end":{"line":26,"column":18}},"loc":{"start":{"line":26,"column":18},"end":{"line":36,"column":5}},"line":26},"3":{"name":"(anonymous_3)","decl":{"start":{"line":28,"column":47},"end":{"line":28,"column":52}},"loc":{"start":{"line":28,"column":52},"end":{"line":28,"column":71}},"line":28},"4":{"name":"(anonymous_4)","decl":{"start":{"line":34,"column":19},"end":{"line":34,"column":27}},"loc":{"start":{"line":34,"column":27},"end":{"line":34,"column":64}},"line":34},"5":{"name":"(anonymous_5)","decl":{"start":{"line":34,"column":39},"end":{"line":34,"column":44}},"loc":{"start":{"line":34,"column":44},"end":{"line":34,"column":63}},"line":34},"6":{"name":"(anonymous_6)","decl":{"start":{"line":39,"column":12},"end":{"line":39,"column":18}},"loc":{"start":{"line":39,"column":18},"end":{"line":41,"column":5}},"line":39},"7":{"name":"(anonymous_7)","decl":{"start":{"line":43,"column":12},"end":{"line":43,"column":18}},"loc":{"start":{"line":43,"column":18},"end":{"line":45,"column":5}},"line":43},"8":{"name":"(anonymous_8)","decl":{"start":{"line":49,"column":23},"end":{"line":49,"column":24}},"loc":{"start":{"line":49,"column":47},"end":{"line":72,"column":null}},"line":49},"9":{"name":"(anonymous_9)","decl":{"start":{"line":54,"column":18},"end":{"line":54,"column":26}},"loc":{"start":{"line":54,"column":26},"end":{"line":54,"column":63}},"line":54},"10":{"name":"(anonymous_10)","decl":{"start":{"line":56,"column":19},"end":{"line":56,"column":27}},"loc":{"start":{"line":56,"column":27},"end":{"line":60,"column":7}},"line":56},"11":{"name":"(anonymous_11)","decl":{"start":{"line":62,"column":19},"end":{"line":62,"column":27}},"loc":{"start":{"line":62,"column":27},"end":{"line":62,"column":40}},"line":62},"12":{"name":"(anonymous_12)","decl":{"start":{"line":65,"column":19},"end":{"line":65,"column":27}},"loc":{"start":{"line":65,"column":27},"end":{"line":65,"column":64}},"line":65},"13":{"name":"(anonymous_13)","decl":{"start":{"line":67,"column":19},"end":{"line":67,"column":27}},"loc":{"start":{"line":67,"column":27},"end":{"line":70,"column":7}},"line":67}},"branchMap":{"0":{"loc":{"start":{"line":16,"column":4},"end":{"line":18,"column":null}},"type":"if","locations":[{"start":{"line":16,"column":4},"end":{"line":18,"column":null}},{"start":{},"end":{}}],"line":16},"1":{"loc":{"start":{"line":19,"column":4},"end":{"line":21,"column":null}},"type":"if","locations":[{"start":{"line":19,"column":4},"end":{"line":21,"column":null}},{"start":{},"end":{}}],"line":19},"2":{"loc":{"start":{"line":27,"column":4},"end":{"line":35,"column":null}},"type":"if","locations":[{"start":{"line":27,"column":4},"end":{"line":35,"column":null}},{"start":{"line":31,"column":4},"end":{"line":35,"column":null}}],"line":27},"3":{"loc":{"start":{"line":27,"column":8},"end":{"line":27,"column":53}},"type":"binary-expr","locations":[{"start":{"line":27,"column":8},"end":{"line":27,"column":39}},{"start":{"line":27,"column":39},"end":{"line":27,"column":53}}],"line":27},"4":{"loc":{"start":{"line":31,"column":4},"end":{"line":35,"column":null}},"type":"if","locations":[{"start":{"line":31,"column":4},"end":{"line":35,"column":null}},{"start":{},"end":{}}],"line":31},"5":{"loc":{"start":{"line":31,"column":15},"end":{"line":31,"column":59}},"type":"binary-expr","locations":[{"start":{"line":31,"column":15},"end":{"line":31,"column":46}},{"start":{"line":31,"column":46},"end":{"line":31,"column":59}}],"line":31},"6":{"loc":{"start":{"line":47,"column":26},"end":{"line":47,"column":null}},"type":"cond-expr","locations":[{"start":{"line":47,"column":49},"end":{"line":47,"column":64}},{"start":{"line":47,"column":64},"end":{"line":47,"column":null}}],"line":47},"7":{"loc":{"start":{"line":50,"column":4},"end":{"line":50,"column":null}},"type":"if","locations":[{"start":{"line":50,"column":4},"end":{"line":50,"column":null}},{"start":{},"end":{}}],"line":50},"8":{"loc":{"start":{"line":52,"column":4},"end":{"line":71,"column":null}},"type":"if","locations":[{"start":{"line":52,"column":4},"end":{"line":71,"column":null}},{"start":{"line":63,"column":11},"end":{"line":71,"column":null}}],"line":52}},"s":{"0":23,"1":23,"2":23,"3":23,"4":23,"5":6,"6":6,"7":6,"8":2,"9":6,"10":2,"11":23,"12":16,"13":6,"14":14,"15":6,"16":6,"17":10,"18":7,"19":6,"20":15,"21":23,"22":9,"23":23,"24":10,"25":23,"26":23,"27":2,"28":0,"29":2,"30":1,"31":1,"32":1,"33":1,"34":1,"35":1,"36":1,"37":1,"38":1,"39":1,"40":1,"41":1,"42":1,"43":23},"f":{"0":23,"1":6,"2":16,"3":14,"4":6,"5":15,"6":9,"7":10,"8":2,"9":1,"10":1,"11":1,"12":1,"13":1},"b":{"0":[2,4],"1":[2,4],"2":[6,10],"3":[16,13],"4":[7,3],"5":[10,7],"6":[14,9],"7":[0,2],"8":[1,1]},"meta":{"lastBranch":9,"lastFunction":14,"lastStatement":44,"seen":{"f:5:16:5:24":0,"s:6:32:6:Infinity":0,"s:7:30:7:Infinity":1,"s:8:32:8:Infinity":2,"s:9:36:9:Infinity":3,"s:12:2:22:Infinity":4,"f:12:12:12:18":1,"s:13:23:13:Infinity":5,"s:14:24:14:Infinity":6,"b:16:4:18:Infinity:undefined:undefined:undefined:undefined":0,"s:16:4:18:Infinity":7,"s:17:6:17:Infinity":8,"b:19:4:21:Infinity:undefined:undefined:undefined:undefined":1,"s:19:4:21:Infinity":9,"s:20:6:20:Infinity":10,"s:26:2:36:Infinity":11,"f:26:12:26:18":2,"b:27:4:35:Infinity:31:4:35:Infinity":2,"s:27:4:35:Infinity":12,"b:27:8:27:39:27:39:27:53":3,"s:28:23:28:Infinity":13,"f:28:47:28:52":3,"s:28:52:28:71":14,"s:29:6:29:Infinity":15,"s:30:6:30:Infinity":16,"b:31:4:35:Infinity:undefined:undefined:undefined:undefined":4,"s:31:4:35:Infinity":17,"b:31:15:31:46:31:46:31:59":5,"s:34:6:34:Infinity":18,"f:34:19:34:27":4,"s:34:27:34:64":19,"f:34:39:34:44":5,"s:34:44:34:63":20,"s:39:2:41:Infinity":21,"f:39:12:39:18":6,"s:40:4:40:Infinity":22,"s:43:2:45:Infinity":23,"f:43:12:43:18":7,"s:44:4:44:Infinity":24,"s:47:26:47:Infinity":25,"b:47:49:47:64:47:64:47:Infinity":6,"s:49:23:72:Infinity":26,"f:49:23:49:24":8,"b:50:4:50:Infinity:undefined:undefined:undefined:undefined":7,"s:50:4:50:Infinity":27,"s:50:26:50:Infinity":28,"b:52:4:71:Infinity:63:11:71:Infinity":8,"s:52:4:71:Infinity":29,"s:54:6:54:Infinity":30,"f:54:18:54:26":9,"s:54:26:54:63":31,"s:56:6:60:Infinity":32,"f:56:19:56:27":10,"s:57:21:57:Infinity":33,"s:58:8:58:Infinity":34,"s:59:8:59:Infinity":35,"s:62:6:62:Infinity":36,"f:62:19:62:27":11,"s:62:27:62:40":37,"s:65:6:65:Infinity":38,"f:65:19:65:27":12,"s:65:27:65:64":39,"s:67:6:70:Infinity":40,"f:67:19:67:27":13,"s:68:33:68:Infinity":41,"s:69:8:69:Infinity":42,"s:74:2:81:Infinity":43}}}
,"/home/eyal/Documents/TheoryApp/src/utils/dataParser.ts": {"path":"/home/eyal/Documents/TheoryApp/src/utils/dataParser.ts","statementMap":{"0":{"start":{"line":4,"column":15},"end":{"line":4,"column":null}},"1":{"start":{"line":5,"column":18},"end":{"line":5,"column":null}},"2":{"start":{"line":6,"column":32},"end":{"line":6,"column":null}},"3":{"start":{"line":7,"column":17},"end":{"line":7,"column":null}},"4":{"start":{"line":9,"column":2},"end":{"line":50,"column":null}},"5":{"start":{"line":10,"column":22},"end":{"line":10,"column":null}},"6":{"start":{"line":11,"column":21},"end":{"line":11,"column":null}},"7":{"start":{"line":12,"column":28},"end":{"line":12,"column":null}},"8":{"start":{"line":15,"column":23},"end":{"line":15,"column":null}},"9":{"start":{"line":16,"column":15},"end":{"line":16,"column":null}},"10":{"start":{"line":17,"column":18},"end":{"line":17,"column":null}},"11":{"start":{"line":20,"column":20},"end":{"line":20,"column":null}},"12":{"start":{"line":21,"column":22},"end":{"line":21,"column":null}},"13":{"start":{"line":22,"column":30},"end":{"line":22,"column":null}},"14":{"start":{"line":24,"column":4},"end":{"line":33,"column":null}},"15":{"start":{"line":24,"column":17},"end":{"line":24,"column":20}},"16":{"start":{"line":25,"column":17},"end":{"line":25,"column":null}},"17":{"start":{"line":26,"column":19},"end":{"line":26,"column":null}},"18":{"start":{"line":27,"column":19},"end":{"line":27,"column":null}},"19":{"start":{"line":28,"column":24},"end":{"line":28,"column":null}},"20":{"start":{"line":30,"column":6},"end":{"line":32,"column":null}},"21":{"start":{"line":31,"column":8},"end":{"line":31,"column":null}},"22":{"start":{"line":35,"column":16},"end":{"line":35,"column":null}},"23":{"start":{"line":36,"column":21},"end":{"line":36,"column":null}},"24":{"start":{"line":39,"column":23},"end":{"line":39,"column":null}},"25":{"start":{"line":41,"column":4},"end":{"line":49,"column":null}},"26":{"start":{"line":42,"column":6},"end":{"line":48,"column":null}},"27":{"start":{"line":52,"column":2},"end":{"line":52,"column":null}}},"fnMap":{"0":{"name":"parseJsonQuestions","decl":{"start":{"line":3,"column":16},"end":{"line":3,"column":35}},"loc":{"start":{"line":3,"column":67},"end":{"line":53,"column":null}},"line":3}},"branchMap":{"0":{"loc":{"start":{"line":5,"column":18},"end":{"line":5,"column":null}},"type":"binary-expr","locations":[{"start":{"line":5,"column":18},"end":{"line":5,"column":42}},{"start":{"line":5,"column":42},"end":{"line":5,"column":null}}],"line":5},"1":{"loc":{"start":{"line":10,"column":22},"end":{"line":10,"column":null}},"type":"binary-expr","locations":[{"start":{"line":10,"column":22},"end":{"line":10,"column":39}},{"start":{"line":10,"column":39},"end":{"line":10,"column":null}}],"line":10},"2":{"loc":{"start":{"line":11,"column":21},"end":{"line":11,"column":null}},"type":"binary-expr","locations":[{"start":{"line":11,"column":21},"end":{"line":11,"column":40}},{"start":{"line":11,"column":40},"end":{"line":11,"column":null}}],"line":11},"3":{"loc":{"start":{"line":12,"column":28},"end":{"line":12,"column":null}},"type":"binary-expr","locations":[{"start":{"line":12,"column":28},"end":{"line":12,"column":51}},{"start":{"line":12,"column":51},"end":{"line":12,"column":null}}],"line":12},"4":{"loc":{"start":{"line":16,"column":15},"end":{"line":16,"column":null}},"type":"cond-expr","locations":[{"start":{"line":16,"column":28},"end":{"line":16,"column":44}},{"start":{"line":16,"column":44},"end":{"line":16,"column":null}}],"line":16},"5":{"loc":{"start":{"line":17,"column":18},"end":{"line":17,"column":null}},"type":"cond-expr","locations":[{"start":{"line":17,"column":31},"end":{"line":17,"column":47}},{"start":{"line":17,"column":47},"end":{"line":17,"column":null}}],"line":17},"6":{"loc":{"start":{"line":27,"column":19},"end":{"line":27,"column":null}},"type":"binary-expr","locations":[{"start":{"line":27,"column":19},"end":{"line":27,"column":48}},{"start":{"line":27,"column":48},"end":{"line":27,"column":null}}],"line":27},"7":{"loc":{"start":{"line":28,"column":24},"end":{"line":28,"column":null}},"type":"binary-expr","locations":[{"start":{"line":28,"column":24},"end":{"line":28,"column":65}},{"start":{"line":28,"column":65},"end":{"line":28,"column":null}}],"line":28},"8":{"loc":{"start":{"line":30,"column":6},"end":{"line":32,"column":null}},"type":"if","locations":[{"start":{"line":30,"column":6},"end":{"line":32,"column":null}},{"start":{},"end":{}}],"line":30},"9":{"loc":{"start":{"line":36,"column":21},"end":{"line":36,"column":null}},"type":"binary-expr","locations":[{"start":{"line":36,"column":21},"end":{"line":36,"column":49}},{"start":{"line":36,"column":49},"end":{"line":36,"column":null}}],"line":36},"10":{"loc":{"start":{"line":41,"column":4},"end":{"line":49,"column":null}},"type":"if","locations":[{"start":{"line":41,"column":4},"end":{"line":49,"column":null}},{"start":{},"end":{}}],"line":41},"11":{"loc":{"start":{"line":41,"column":8},"end":{"line":41,"column":57}},"type":"binary-expr","locations":[{"start":{"line":41,"column":8},"end":{"line":41,"column":14}},{"start":{"line":41,"column":14},"end":{"line":41,"column":23}},{"start":{"line":41,"column":23},"end":{"line":41,"column":45}},{"start":{"line":41,"column":45},"end":{"line":41,"column":57}}],"line":41}},"s":{"0":3,"1":3,"2":3,"3":3,"4":3,"5":5,"6":5,"7":5,"8":5,"9":5,"10":5,"11":5,"12":5,"13":5,"14":5,"15":5,"16":9,"17":9,"18":9,"19":9,"20":9,"21":9,"22":5,"23":5,"24":5,"25":5,"26":4,"27":3},"f":{"0":3},"b":{"0":[3,0],"1":[5,0],"2":[5,0],"3":[5,0],"4":[5,0],"5":[5,0],"6":[9,0],"7":[9,5],"8":[9,0],"9":[5,4],"10":[4,1],"11":[5,5,5,5]},"meta":{"lastBranch":12,"lastFunction":1,"lastStatement":28,"seen":{"f:3:16:3:35":0,"s:4:15:4:Infinity":0,"s:5:18:5:Infinity":1,"b:5:18:5:42:5:42:5:Infinity":0,"s:6:32:6:Infinity":2,"s:7:17:7:Infinity":3,"s:9:2:50:Infinity":4,"s:10:22:10:Infinity":5,"b:10:22:10:39:10:39:10:Infinity":1,"s:11:21:11:Infinity":6,"b:11:21:11:40:11:40:11:Infinity":2,"s:12:28:12:Infinity":7,"b:12:28:12:51:12:51:12:Infinity":3,"s:15:23:15:Infinity":8,"s:16:15:16:Infinity":9,"b:16:28:16:44:16:44:16:Infinity":4,"s:17:18:17:Infinity":10,"b:17:31:17:47:17:47:17:Infinity":5,"s:20:20:20:Infinity":11,"s:21:22:21:Infinity":12,"s:22:30:22:Infinity":13,"s:24:4:33:Infinity":14,"s:24:17:24:20":15,"s:25:17:25:Infinity":16,"s:26:19:26:Infinity":17,"s:27:19:27:Infinity":18,"b:27:19:27:48:27:48:27:Infinity":6,"s:28:24:28:Infinity":19,"b:28:24:28:65:28:65:28:Infinity":7,"b:30:6:32:Infinity:undefined:undefined:undefined:undefined":8,"s:30:6:32:Infinity":20,"s:31:8:31:Infinity":21,"s:35:16:35:Infinity":22,"s:36:21:36:Infinity":23,"b:36:21:36:49:36:49:36:Infinity":9,"s:39:23:39:Infinity":24,"b:41:4:49:Infinity:undefined:undefined:undefined:undefined":10,"s:41:4:49:Infinity":25,"b:41:8:41:14:41:14:41:23:41:23:41:45:41:45:41:57":11,"s:42:6:48:Infinity":26,"s:52:2:52:Infinity":27}}}
,"/home/eyal/Documents/TheoryApp/src/utils/shuffle.ts": {"path":"/home/eyal/Documents/TheoryApp/src/utils/shuffle.ts","statementMap":{"0":{"start":{"line":9,"column":17},"end":{"line":9,"column":null}},"1":{"start":{"line":11,"column":2},"end":{"line":14,"column":null}},"2":{"start":{"line":11,"column":15},"end":{"line":11,"column":34}},"3":{"start":{"line":12,"column":14},"end":{"line":12,"column":null}},"4":{"start":{"line":13,"column":4},"end":{"line":13,"column":null}},"5":{"start":{"line":16,"column":2},"end":{"line":16,"column":null}}},"fnMap":{"0":{"name":"shuffle","decl":{"start":{"line":8,"column":16},"end":{"line":8,"column":27}},"loc":{"start":{"line":8,"column":44},"end":{"line":17,"column":null}},"line":8}},"branchMap":{},"s":{"0":6,"1":6,"2":6,"3":103,"4":103,"5":6},"f":{"0":6},"b":{},"meta":{"lastBranch":0,"lastFunction":1,"lastStatement":6,"seen":{"f:8:16:8:27":0,"s:9:17:9:Infinity":0,"s:11:2:14:Infinity":1,"s:11:15:11:34":2,"s:12:14:12:Infinity":3,"s:13:4:13:Infinity":4,"s:16:2:16:Infinity":5}}}
}
