{"/home/eyal/Documents/TheoryApp/src/App.tsx": {"path":"/home/eyal/Documents/TheoryApp/src/App.tsx","statementMap":{"0":{"start":{"line":28,"column":56},"end":{"line":125,"column":null}},"1":{"start":{"line":40,"column":2},"end":{"line":123,"column":null}},"2":{"start":{"line":80,"column":33},"end":{"line":80,"column":null}},"3":{"start":{"line":81,"column":38},"end":{"line":81,"column":null}},"4":{"start":{"line":83,"column":28},"end":{"line":83,"column":null}},"5":{"start":{"line":84,"column":30},"end":{"line":84,"column":null}},"6":{"start":{"line":86,"column":10},"end":{"line":89,"column":null}},"7":{"start":{"line":87,"column":12},"end":{"line":87,"column":null}},"8":{"start":{"line":88,"column":12},"end":{"line":88,"column":null}},"9":{"start":{"line":91,"column":28},"end":{"line":91,"column":null}},"10":{"start":{"line":93,"column":10},"end":{"line":107,"column":null}},"11":{"start":{"line":94,"column":12},"end":{"line":100,"column":null}},"12":{"start":{"line":95,"column":14},"end":{"line":95,"column":null}},"13":{"start":{"line":96,"column":12},"end":{"line":100,"column":null}},"14":{"start":{"line":97,"column":14},"end":{"line":97,"column":null}},"15":{"start":{"line":99,"column":14},"end":{"line":99,"column":null}},"16":{"start":{"line":102,"column":12},"end":{"line":102,"column":null}},"17":{"start":{"line":104,"column":12},"end":{"line":106,"column":null}},"18":{"start":{"line":105,"column":15},"end":{"line":105,"column":null}},"19":{"start":{"line":109,"column":10},"end":{"line":119,"column":null}},"20":{"start":{"line":112,"column":29},"end":{"line":112,"column":null}},"21":{"start":{"line":128,"column":38},"end":{"line":128,"column":null}},"22":{"start":{"line":129,"column":28},"end":{"line":129,"column":null}},"23":{"start":{"line":130,"column":24},"end":{"line":130,"column":null}},"24":{"start":{"line":133,"column":52},"end":{"line":133,"column":null}},"25":{"start":{"line":134,"column":36},"end":{"line":134,"column":null}},"26":{"start":{"line":137,"column":32},"end":{"line":137,"column":null}},"27":{"start":{"line":138,"column":38},"end":{"line":138,"column":null}},"28":{"start":{"line":141,"column":44},"end":{"line":141,"column":null}},"29":{"start":{"line":144,"column":46},"end":{"line":144,"column":null}},"30":{"start":{"line":145,"column":46},"end":{"line":145,"column":null}},"31":{"start":{"line":146,"column":42},"end":{"line":146,"column":null}},"32":{"start":{"line":147,"column":52},"end":{"line":147,"column":null}},"33":{"start":{"line":158,"column":2},"end":{"line":158,"column":null}},"34":{"start":{"line":170,"column":2},"end":{"line":170,"column":null}},"35":{"start":{"line":172,"column":2},"end":{"line":185,"column":null}},"36":{"start":{"line":173,"column":4},"end":{"line":184,"column":null}},"37":{"start":{"line":174,"column":21},"end":{"line":174,"column":31}},"38":{"start":{"line":176,"column":14},"end":{"line":176,"column":null}},"39":{"start":{"line":177,"column":8},"end":{"line":177,"column":null}},"40":{"start":{"line":178,"column":8},"end":{"line":178,"column":null}},"41":{"start":{"line":181,"column":8},"end":{"line":181,"column":null}},"42":{"start":{"line":182,"column":8},"end":{"line":182,"column":null}},"43":{"start":{"line":183,"column":8},"end":{"line":183,"column":null}},"44":{"start":{"line":188,"column":2},"end":{"line":204,"column":null}},"45":{"start":{"line":189,"column":4},"end":{"line":203,"column":null}},"46":{"start":{"line":190,"column":6},"end":{"line":202,"column":null}},"47":{"start":{"line":191,"column":22},"end":{"line":193,"column":null}},"48":{"start":{"line":192,"column":10},"end":{"line":192,"column":null}},"49":{"start":{"line":194,"column":8},"end":{"line":194,"column":null}},"50":{"start":{"line":194,"column":21},"end":{"line":194,"column":null}},"51":{"start":{"line":196,"column":22},"end":{"line":200,"column":null}},"52":{"start":{"line":197,"column":10},"end":{"line":197,"column":null}},"53":{"start":{"line":198,"column":10},"end":{"line":198,"column":null}},"54":{"start":{"line":199,"column":10},"end":{"line":199,"column":null}},"55":{"start":{"line":201,"column":8},"end":{"line":201,"column":null}},"56":{"start":{"line":201,"column":21},"end":{"line":201,"column":null}},"57":{"start":{"line":206,"column":25},"end":{"line":235,"column":null}},"58":{"start":{"line":207,"column":4},"end":{"line":207,"column":null}},"59":{"start":{"line":207,"column":21},"end":{"line":207,"column":null}},"60":{"start":{"line":209,"column":4},"end":{"line":219,"column":null}},"61":{"start":{"line":210,"column":30},"end":{"line":210,"column":null}},"62":{"start":{"line":211,"column":6},"end":{"line":211,"column":null}},"63":{"start":{"line":211,"column":28},"end":{"line":211,"column":null}},"64":{"start":{"line":213,"column":6},"end":{"line":213,"column":null}},"65":{"start":{"line":215,"column":6},"end":{"line":217,"column":null}},"66":{"start":{"line":216,"column":8},"end":{"line":216,"column":null}},"67":{"start":{"line":216,"column":36},"end":{"line":216,"column":44}},"68":{"start":{"line":218,"column":6},"end":{"line":218,"column":null}},"69":{"start":{"line":221,"column":4},"end":{"line":234,"column":null}},"70":{"start":{"line":222,"column":6},"end":{"line":222,"column":null}},"71":{"start":{"line":222,"column":29},"end":{"line":222,"column":null}},"72":{"start":{"line":224,"column":6},"end":{"line":224,"column":null}},"73":{"start":{"line":225,"column":6},"end":{"line":225,"column":null}},"74":{"start":{"line":227,"column":24},"end":{"line":227,"column":null}},"75":{"start":{"line":229,"column":6},"end":{"line":233,"column":null}},"76":{"start":{"line":230,"column":8},"end":{"line":230,"column":null}},"77":{"start":{"line":231,"column":8},"end":{"line":231,"column":null}},"78":{"start":{"line":232,"column":8},"end":{"line":232,"column":null}},"79":{"start":{"line":237,"column":28},"end":{"line":246,"column":null}},"80":{"start":{"line":238,"column":4},"end":{"line":245,"column":null}},"81":{"start":{"line":239,"column":6},"end":{"line":239,"column":null}},"82":{"start":{"line":240,"column":6},"end":{"line":240,"column":null}},"83":{"start":{"line":241,"column":6},"end":{"line":241,"column":null}},"84":{"start":{"line":243,"column":6},"end":{"line":243,"column":null}},"85":{"start":{"line":244,"column":6},"end":{"line":244,"column":null}},"86":{"start":{"line":248,"column":26},"end":{"line":256,"column":null}},"87":{"start":{"line":249,"column":4},"end":{"line":249,"column":null}},"88":{"start":{"line":250,"column":4},"end":{"line":250,"column":null}},"89":{"start":{"line":251,"column":4},"end":{"line":251,"column":null}},"90":{"start":{"line":252,"column":4},"end":{"line":252,"column":null}},"91":{"start":{"line":253,"column":4},"end":{"line":253,"column":null}},"92":{"start":{"line":254,"column":4},"end":{"line":254,"column":null}},"93":{"start":{"line":255,"column":4},"end":{"line":255,"column":null}},"94":{"start":{"line":258,"column":25},"end":{"line":262,"column":null}},"95":{"start":{"line":259,"column":4},"end":{"line":261,"column":null}},"96":{"start":{"line":260,"column":6},"end":{"line":260,"column":null}},"97":{"start":{"line":264,"column":21},"end":{"line":270,"column":null}},"98":{"start":{"line":265,"column":4},"end":{"line":269,"column":null}},"99":{"start":{"line":266,"column":6},"end":{"line":268,"column":null}},"100":{"start":{"line":267,"column":27},"end":{"line":267,"column":49}},"101":{"start":{"line":272,"column":24},"end":{"line":278,"column":null}},"102":{"start":{"line":273,"column":4},"end":{"line":277,"column":null}},"103":{"start":{"line":274,"column":6},"end":{"line":274,"column":null}},"104":{"start":{"line":275,"column":6},"end":{"line":275,"column":null}},"105":{"start":{"line":276,"column":6},"end":{"line":276,"column":null}},"106":{"start":{"line":280,"column":24},"end":{"line":283,"column":null}},"107":{"start":{"line":281,"column":4},"end":{"line":281,"column":null}},"108":{"start":{"line":282,"column":4},"end":{"line":282,"column":null}},"109":{"start":{"line":285,"column":32},"end":{"line":288,"column":null}},"110":{"start":{"line":286,"column":4},"end":{"line":286,"column":null}},"111":{"start":{"line":287,"column":4},"end":{"line":287,"column":null}},"112":{"start":{"line":290,"column":8},"end":{"line":292,"column":null}},"113":{"start":{"line":291,"column":4},"end":{"line":291,"column":null}},"114":{"start":{"line":294,"column":2},"end":{"line":300,"column":null}},"115":{"start":{"line":295,"column":4},"end":{"line":298,"column":null}},"116":{"start":{"line":302,"column":2},"end":{"line":318,"column":null}},"117":{"start":{"line":303,"column":4},"end":{"line":316,"column":null}},"118":{"start":{"line":309,"column":27},"end":{"line":309,"column":null}},"119":{"start":{"line":321,"column":2},"end":{"line":333,"column":null}},"120":{"start":{"line":322,"column":4},"end":{"line":331,"column":null}},"121":{"start":{"line":328,"column":26},"end":{"line":328,"column":null}},"122":{"start":{"line":329,"column":24},"end":{"line":329,"column":null}},"123":{"start":{"line":336,"column":26},"end":{"line":336,"column":null}},"124":{"start":{"line":338,"column":2},"end":{"line":359,"column":null}},"125":{"start":{"line":339,"column":4},"end":{"line":357,"column":null}},"126":{"start":{"line":361,"column":2},"end":{"line":520,"column":null}},"127":{"start":{"line":431,"column":27},"end":{"line":431,"column":null}},"128":{"start":{"line":461,"column":29},"end":{"line":461,"column":null}},"129":{"start":{"line":461,"column":57},"end":{"line":461,"column":78}},"130":{"start":{"line":470,"column":31},"end":{"line":470,"column":null}},"131":{"start":{"line":470,"column":59},"end":{"line":470,"column":103}},"132":{"start":{"line":486,"column":33},"end":{"line":486,"column":null}},"133":{"start":{"line":486,"column":61},"end":{"line":486,"column":105}},"134":{"start":{"line":512,"column":23},"end":{"line":512,"column":null}}},"fnMap":{"0":{"name":"(anonymous_0)","decl":{"start":{"line":28,"column":56},"end":{"line":28,"column":57}},"loc":{"start":{"line":39,"column":6},"end":{"line":125,"column":null}},"line":39},"1":{"name":"(anonymous_1)","decl":{"start":{"line":79,"column":30},"end":{"line":79,"column":31}},"loc":{"start":{"line":79,"column":45},"end":{"line":121,"column":9}},"line":79},"2":{"name":"(anonymous_2)","decl":{"start":{"line":112,"column":23},"end":{"line":112,"column":29}},"loc":{"start":{"line":112,"column":29},"end":{"line":112,"column":null}},"line":112},"3":{"name":"App","decl":{"start":{"line":127,"column":24},"end":{"line":127,"column":30}},"loc":{"start":{"line":127,"column":30},"end":{"line":522,"column":null}},"line":127},"4":{"name":"(anonymous_4)","decl":{"start":{"line":172,"column":12},"end":{"line":172,"column":18}},"loc":{"start":{"line":172,"column":18},"end":{"line":185,"column":5}},"line":172},"5":{"name":"(anonymous_5)","decl":{"start":{"line":174,"column":12},"end":{"line":174,"column":13}},"loc":{"start":{"line":174,"column":21},"end":{"line":174,"column":31}},"line":174},"6":{"name":"(anonymous_6)","decl":{"start":{"line":175,"column":12},"end":{"line":175,"column":13}},"loc":{"start":{"line":175,"column":22},"end":{"line":179,"column":7}},"line":175},"7":{"name":"(anonymous_7)","decl":{"start":{"line":180,"column":13},"end":{"line":180,"column":14}},"loc":{"start":{"line":180,"column":22},"end":{"line":184,"column":7}},"line":180},"8":{"name":"(anonymous_8)","decl":{"start":{"line":188,"column":12},"end":{"line":188,"column":18}},"loc":{"start":{"line":188,"column":18},"end":{"line":204,"column":5}},"line":188},"9":{"name":"(anonymous_9)","decl":{"start":{"line":191,"column":33},"end":{"line":191,"column":39}},"loc":{"start":{"line":191,"column":39},"end":{"line":193,"column":11}},"line":191},"10":{"name":"(anonymous_10)","decl":{"start":{"line":194,"column":15},"end":{"line":194,"column":21}},"loc":{"start":{"line":194,"column":21},"end":{"line":194,"column":null}},"line":194},"11":{"name":"(anonymous_11)","decl":{"start":{"line":196,"column":33},"end":{"line":196,"column":39}},"loc":{"start":{"line":196,"column":39},"end":{"line":200,"column":11}},"line":196},"12":{"name":"(anonymous_12)","decl":{"start":{"line":201,"column":15},"end":{"line":201,"column":21}},"loc":{"start":{"line":201,"column":21},"end":{"line":201,"column":null}},"line":201},"13":{"name":"(anonymous_13)","decl":{"start":{"line":206,"column":25},"end":{"line":206,"column":26}},"loc":{"start":{"line":206,"column":44},"end":{"line":235,"column":null}},"line":206},"14":{"name":"(anonymous_14)","decl":{"start":{"line":216,"column":28},"end":{"line":216,"column":36}},"loc":{"start":{"line":216,"column":36},"end":{"line":216,"column":44}},"line":216},"15":{"name":"(anonymous_15)","decl":{"start":{"line":229,"column":17},"end":{"line":229,"column":23}},"loc":{"start":{"line":229,"column":23},"end":{"line":233,"column":9}},"line":229},"16":{"name":"(anonymous_16)","decl":{"start":{"line":237,"column":28},"end":{"line":237,"column":34}},"loc":{"start":{"line":237,"column":34},"end":{"line":246,"column":null}},"line":237},"17":{"name":"(anonymous_17)","decl":{"start":{"line":248,"column":26},"end":{"line":248,"column":32}},"loc":{"start":{"line":248,"column":32},"end":{"line":256,"column":null}},"line":248},"18":{"name":"(anonymous_18)","decl":{"start":{"line":258,"column":25},"end":{"line":258,"column":31}},"loc":{"start":{"line":258,"column":31},"end":{"line":262,"column":null}},"line":258},"19":{"name":"(anonymous_19)","decl":{"start":{"line":264,"column":21},"end":{"line":264,"column":27}},"loc":{"start":{"line":264,"column":27},"end":{"line":270,"column":null}},"line":264},"20":{"name":"(anonymous_20)","decl":{"start":{"line":265,"column":22},"end":{"line":265,"column":null}},"loc":{"start":{"line":266,"column":6},"end":{"line":268,"column":null}},"line":266},"21":{"name":"(anonymous_21)","decl":{"start":{"line":267,"column":22},"end":{"line":267,"column":27}},"loc":{"start":{"line":267,"column":27},"end":{"line":267,"column":49}},"line":267},"22":{"name":"(anonymous_22)","decl":{"start":{"line":272,"column":24},"end":{"line":272,"column":30}},"loc":{"start":{"line":272,"column":30},"end":{"line":278,"column":null}},"line":272},"23":{"name":"(anonymous_23)","decl":{"start":{"line":280,"column":24},"end":{"line":280,"column":30}},"loc":{"start":{"line":280,"column":30},"end":{"line":283,"column":null}},"line":280},"24":{"name":"(anonymous_24)","decl":{"start":{"line":285,"column":32},"end":{"line":285,"column":38}},"loc":{"start":{"line":285,"column":38},"end":{"line":288,"column":null}},"line":285},"25":{"name":"(anonymous_25)","decl":{"start":{"line":290,"column":34},"end":{"line":290,"column":40}},"loc":{"start":{"line":290,"column":40},"end":{"line":292,"column":5}},"line":290},"26":{"name":"(anonymous_26)","decl":{"start":{"line":309,"column":21},"end":{"line":309,"column":27}},"loc":{"start":{"line":309,"column":27},"end":{"line":309,"column":null}},"line":309},"27":{"name":"(anonymous_27)","decl":{"start":{"line":328,"column":20},"end":{"line":328,"column":26}},"loc":{"start":{"line":328,"column":26},"end":{"line":328,"column":null}},"line":328},"28":{"name":"(anonymous_28)","decl":{"start":{"line":329,"column":18},"end":{"line":329,"column":24}},"loc":{"start":{"line":329,"column":24},"end":{"line":329,"column":null}},"line":329},"29":{"name":"(anonymous_29)","decl":{"start":{"line":431,"column":21},"end":{"line":431,"column":27}},"loc":{"start":{"line":431,"column":27},"end":{"line":431,"column":null}},"line":431},"30":{"name":"(anonymous_30)","decl":{"start":{"line":461,"column":23},"end":{"line":461,"column":29}},"loc":{"start":{"line":461,"column":29},"end":{"line":461,"column":null}},"line":461},"31":{"name":"(anonymous_31)","decl":{"start":{"line":461,"column":49},"end":{"line":461,"column":57}},"loc":{"start":{"line":461,"column":57},"end":{"line":461,"column":78}},"line":461},"32":{"name":"(anonymous_32)","decl":{"start":{"line":470,"column":25},"end":{"line":470,"column":31}},"loc":{"start":{"line":470,"column":31},"end":{"line":470,"column":null}},"line":470},"33":{"name":"(anonymous_33)","decl":{"start":{"line":470,"column":51},"end":{"line":470,"column":59}},"loc":{"start":{"line":470,"column":59},"end":{"line":470,"column":103}},"line":470},"34":{"name":"(anonymous_34)","decl":{"start":{"line":486,"column":27},"end":{"line":486,"column":33}},"loc":{"start":{"line":486,"column":33},"end":{"line":486,"column":null}},"line":486},"35":{"name":"(anonymous_35)","decl":{"start":{"line":486,"column":53},"end":{"line":486,"column":61}},"loc":{"start":{"line":486,"column":61},"end":{"line":486,"column":105}},"line":486},"36":{"name":"(anonymous_36)","decl":{"start":{"line":512,"column":17},"end":{"line":512,"column":23}},"loc":{"start":{"line":512,"column":23},"end":{"line":512,"column":null}},"line":512}},"branchMap":{"0":{"loc":{"start":{"line":42,"column":39},"end":{"line":42,"column":71}},"type":"cond-expr","locations":[{"start":{"line":42,"column":52},"end":{"line":42,"column":61}},{"start":{"line":42,"column":61},"end":{"line":42,"column":71}}],"line":42},"1":{"loc":{"start":{"line":49,"column":9},"end":{"line":56,"column":null}},"type":"binary-expr","locations":[{"start":{"line":49,"column":9},"end":{"line":49,"column":null}},{"start":{"line":50,"column":10},"end":{"line":56,"column":null}}],"line":49},"2":{"loc":{"start":{"line":61,"column":15},"end":{"line":61,"column":null}},"type":"binary-expr","locations":[{"start":{"line":61,"column":15},"end":{"line":61,"column":36}},{"start":{"line":61,"column":36},"end":{"line":61,"column":null}}],"line":61},"3":{"loc":{"start":{"line":63,"column":13},"end":{"line":69,"column":null}},"type":"binary-expr","locations":[{"start":{"line":63,"column":13},"end":{"line":63,"column":27}},{"start":{"line":63,"column":27},"end":{"line":63,"column":44}},{"start":{"line":63,"column":44},"end":{"line":63,"column":null}},{"start":{"line":64,"column":14},"end":{"line":69,"column":null}}],"line":63},"4":{"loc":{"start":{"line":66,"column":65},"end":{"line":66,"column":132}},"type":"cond-expr","locations":[{"start":{"line":66,"column":77},"end":{"line":66,"column":105}},{"start":{"line":66,"column":105},"end":{"line":66,"column":132}}],"line":66},"5":{"loc":{"start":{"line":68,"column":39},"end":{"line":68,"column":76}},"type":"cond-expr","locations":[{"start":{"line":68,"column":51},"end":{"line":68,"column":68}},{"start":{"line":68,"column":68},"end":{"line":68,"column":76}}],"line":68},"6":{"loc":{"start":{"line":80,"column":33},"end":{"line":80,"column":null}},"type":"binary-expr","locations":[{"start":{"line":80,"column":33},"end":{"line":80,"column":49}},{"start":{"line":80,"column":49},"end":{"line":80,"column":null}}],"line":80},"7":{"loc":{"start":{"line":81,"column":38},"end":{"line":81,"column":null}},"type":"binary-expr","locations":[{"start":{"line":81,"column":38},"end":{"line":81,"column":55}},{"start":{"line":81,"column":55},"end":{"line":81,"column":69}},{"start":{"line":81,"column":69},"end":{"line":81,"column":null}}],"line":81},"8":{"loc":{"start":{"line":83,"column":28},"end":{"line":83,"column":null}},"type":"binary-expr","locations":[{"start":{"line":83,"column":28},"end":{"line":83,"column":43}},{"start":{"line":83,"column":43},"end":{"line":83,"column":null}}],"line":83},"9":{"loc":{"start":{"line":84,"column":30},"end":{"line":84,"column":null}},"type":"binary-expr","locations":[{"start":{"line":84,"column":30},"end":{"line":84,"column":45}},{"start":{"line":84,"column":45},"end":{"line":84,"column":68}},{"start":{"line":84,"column":68},"end":{"line":84,"column":null}}],"line":84},"10":{"loc":{"start":{"line":86,"column":10},"end":{"line":89,"column":null}},"type":"if","locations":[{"start":{"line":86,"column":10},"end":{"line":89,"column":null}},{"start":{},"end":{}}],"line":86},"11":{"loc":{"start":{"line":88,"column":28},"end":{"line":88,"column":null}},"type":"binary-expr","locations":[{"start":{"line":88,"column":28},"end":{"line":88,"column":46}},{"start":{"line":88,"column":46},"end":{"line":88,"column":null}}],"line":88},"12":{"loc":{"start":{"line":93,"column":10},"end":{"line":107,"column":null}},"type":"if","locations":[{"start":{"line":93,"column":10},"end":{"line":107,"column":null}},{"start":{"line":101,"column":17},"end":{"line":107,"column":null}}],"line":93},"13":{"loc":{"start":{"line":93,"column":14},"end":{"line":93,"column":43}},"type":"binary-expr","locations":[{"start":{"line":93,"column":14},"end":{"line":93,"column":29}},{"start":{"line":93,"column":29},"end":{"line":93,"column":43}}],"line":93},"14":{"loc":{"start":{"line":94,"column":12},"end":{"line":100,"column":null}},"type":"if","locations":[{"start":{"line":94,"column":12},"end":{"line":100,"column":null}},{"start":{"line":96,"column":12},"end":{"line":100,"column":null}}],"line":94},"15":{"loc":{"start":{"line":96,"column":12},"end":{"line":100,"column":null}},"type":"if","locations":[{"start":{"line":96,"column":12},"end":{"line":100,"column":null}},{"start":{"line":98,"column":19},"end":{"line":100,"column":null}}],"line":96},"16":{"loc":{"start":{"line":96,"column":23},"end":{"line":96,"column":81}},"type":"binary-expr","locations":[{"start":{"line":96,"column":23},"end":{"line":96,"column":42}},{"start":{"line":96,"column":42},"end":{"line":96,"column":65}},{"start":{"line":96,"column":65},"end":{"line":96,"column":81}}],"line":96},"17":{"loc":{"start":{"line":104,"column":12},"end":{"line":106,"column":null}},"type":"if","locations":[{"start":{"line":104,"column":12},"end":{"line":106,"column":null}},{"start":{},"end":{}}],"line":104},"18":{"loc":{"start":{"line":104,"column":16},"end":{"line":104,"column":90}},"type":"binary-expr","locations":[{"start":{"line":104,"column":16},"end":{"line":104,"column":30}},{"start":{"line":104,"column":30},"end":{"line":104,"column":65}},{"start":{"line":104,"column":65},"end":{"line":104,"column":90}}],"line":104},"19":{"loc":{"start":{"line":113,"column":24},"end":{"line":113,"column":null}},"type":"binary-expr","locations":[{"start":{"line":113,"column":24},"end":{"line":113,"column":39}},{"start":{"line":113,"column":39},"end":{"line":113,"column":null}}],"line":113},"20":{"loc":{"start":{"line":117,"column":15},"end":{"line":117,"column":null}},"type":"binary-expr","locations":[{"start":{"line":117,"column":15},"end":{"line":117,"column":30}},{"start":{"line":117,"column":30},"end":{"line":117,"column":null}}],"line":117},"21":{"loc":{"start":{"line":118,"column":15},"end":{"line":118,"column":null}},"type":"binary-expr","locations":[{"start":{"line":118,"column":15},"end":{"line":118,"column":32}},{"start":{"line":118,"column":32},"end":{"line":118,"column":null}}],"line":118},"22":{"loc":{"start":{"line":189,"column":4},"end":{"line":203,"column":null}},"type":"if","locations":[{"start":{"line":189,"column":4},"end":{"line":203,"column":null}},{"start":{},"end":{}}],"line":189},"23":{"loc":{"start":{"line":189,"column":8},"end":{"line":189,"column":70}},"type":"binary-expr","locations":[{"start":{"line":189,"column":8},"end":{"line":189,"column":25}},{"start":{"line":189,"column":25},"end":{"line":189,"column":70}}],"line":189},"24":{"loc":{"start":{"line":190,"column":6},"end":{"line":202,"column":null}},"type":"if","locations":[{"start":{"line":190,"column":6},"end":{"line":202,"column":null}},{"start":{"line":195,"column":13},"end":{"line":202,"column":null}}],"line":190},"25":{"loc":{"start":{"line":207,"column":4},"end":{"line":207,"column":null}},"type":"if","locations":[{"start":{"line":207,"column":4},"end":{"line":207,"column":null}},{"start":{},"end":{}}],"line":207},"26":{"loc":{"start":{"line":209,"column":4},"end":{"line":219,"column":null}},"type":"if","locations":[{"start":{"line":209,"column":4},"end":{"line":219,"column":null}},{"start":{},"end":{}}],"line":209},"27":{"loc":{"start":{"line":209,"column":8},"end":{"line":209,"column":50}},"type":"binary-expr","locations":[{"start":{"line":209,"column":8},"end":{"line":209,"column":28}},{"start":{"line":209,"column":28},"end":{"line":209,"column":50}}],"line":209},"28":{"loc":{"start":{"line":211,"column":6},"end":{"line":211,"column":null}},"type":"if","locations":[{"start":{"line":211,"column":6},"end":{"line":211,"column":null}},{"start":{},"end":{}}],"line":211},"29":{"loc":{"start":{"line":215,"column":6},"end":{"line":217,"column":null}},"type":"if","locations":[{"start":{"line":215,"column":6},"end":{"line":217,"column":null}},{"start":{},"end":{}}],"line":215},"30":{"loc":{"start":{"line":221,"column":4},"end":{"line":234,"column":null}},"type":"if","locations":[{"start":{"line":221,"column":4},"end":{"line":234,"column":null}},{"start":{},"end":{}}],"line":221},"31":{"loc":{"start":{"line":222,"column":6},"end":{"line":222,"column":null}},"type":"if","locations":[{"start":{"line":222,"column":6},"end":{"line":222,"column":null}},{"start":{},"end":{}}],"line":222},"32":{"loc":{"start":{"line":238,"column":4},"end":{"line":245,"column":null}},"type":"if","locations":[{"start":{"line":238,"column":4},"end":{"line":245,"column":null}},{"start":{"line":242,"column":11},"end":{"line":245,"column":null}}],"line":238},"33":{"loc":{"start":{"line":259,"column":4},"end":{"line":261,"column":null}},"type":"if","locations":[{"start":{"line":259,"column":4},"end":{"line":261,"column":null}},{"start":{},"end":{}}],"line":259},"34":{"loc":{"start":{"line":266,"column":6},"end":{"line":268,"column":null}},"type":"cond-expr","locations":[{"start":{"line":267,"column":10},"end":{"line":267,"column":null}},{"start":{"line":268,"column":10},"end":{"line":268,"column":null}}],"line":266},"35":{"loc":{"start":{"line":273,"column":4},"end":{"line":277,"column":null}},"type":"if","locations":[{"start":{"line":273,"column":4},"end":{"line":277,"column":null}},{"start":{},"end":{}}],"line":273},"36":{"loc":{"start":{"line":294,"column":2},"end":{"line":300,"column":null}},"type":"if","locations":[{"start":{"line":294,"column":2},"end":{"line":300,"column":null}},{"start":{},"end":{}}],"line":294},"37":{"loc":{"start":{"line":302,"column":2},"end":{"line":318,"column":null}},"type":"if","locations":[{"start":{"line":302,"column":2},"end":{"line":318,"column":null}},{"start":{},"end":{}}],"line":302},"38":{"loc":{"start":{"line":321,"column":2},"end":{"line":333,"column":null}},"type":"if","locations":[{"start":{"line":321,"column":2},"end":{"line":333,"column":null}},{"start":{},"end":{}}],"line":321},"39":{"loc":{"start":{"line":321,"column":6},"end":{"line":321,"column":66}},"type":"binary-expr","locations":[{"start":{"line":321,"column":6},"end":{"line":321,"column":26}},{"start":{"line":321,"column":26},"end":{"line":321,"column":44}},{"start":{"line":321,"column":44},"end":{"line":321,"column":66}}],"line":321},"40":{"loc":{"start":{"line":336,"column":26},"end":{"line":336,"column":null}},"type":"cond-expr","locations":[{"start":{"line":336,"column":45},"end":{"line":336,"column":79}},{"start":{"line":336,"column":79},"end":{"line":336,"column":null}}],"line":336},"41":{"loc":{"start":{"line":338,"column":2},"end":{"line":359,"column":null}},"type":"if","locations":[{"start":{"line":338,"column":2},"end":{"line":359,"column":null}},{"start":{},"end":{}}],"line":338},"42":{"loc":{"start":{"line":338,"column":6},"end":{"line":338,"column":72}},"type":"binary-expr","locations":[{"start":{"line":338,"column":6},"end":{"line":338,"column":26}},{"start":{"line":338,"column":26},"end":{"line":338,"column":53}},{"start":{"line":338,"column":53},"end":{"line":338,"column":72}}],"line":338},"43":{"loc":{"start":{"line":363,"column":7},"end":{"line":414,"column":null}},"type":"cond-expr","locations":[{"start":{"line":364,"column":8},"end":{"line":364,"column":null}},{"start":{"line":366,"column":8},"end":{"line":414,"column":null}}],"line":363},"44":{"loc":{"start":{"line":417,"column":7},"end":{"line":424,"column":null}},"type":"binary-expr","locations":[{"start":{"line":417,"column":7},"end":{"line":417,"column":27}},{"start":{"line":417,"column":27},"end":{"line":417,"column":null}},{"start":{"line":418,"column":8},"end":{"line":424,"column":null}}],"line":417},"45":{"loc":{"start":{"line":427,"column":7},"end":{"line":436,"column":null}},"type":"binary-expr","locations":[{"start":{"line":427,"column":7},"end":{"line":427,"column":27}},{"start":{"line":427,"column":27},"end":{"line":427,"column":null}},{"start":{"line":428,"column":8},"end":{"line":436,"column":null}}],"line":427},"46":{"loc":{"start":{"line":441,"column":11},"end":{"line":454,"column":null}},"type":"binary-expr","locations":[{"start":{"line":441,"column":11},"end":{"line":441,"column":null}},{"start":{"line":442,"column":12},"end":{"line":454,"column":null}}],"line":441},"47":{"loc":{"start":{"line":445,"column":21},"end":{"line":445,"column":null}},"type":"binary-expr","locations":[{"start":{"line":445,"column":21},"end":{"line":445,"column":44}},{"start":{"line":445,"column":44},"end":{"line":445,"column":null}}],"line":445},"48":{"loc":{"start":{"line":450,"column":33},"end":{"line":450,"column":null}},"type":"cond-expr","locations":[{"start":{"line":450,"column":52},"end":{"line":450,"column":88}},{"start":{"line":450,"column":88},"end":{"line":450,"column":null}}],"line":450},"49":{"loc":{"start":{"line":443,"column":19},"end":{"line":443,"column":null}},"type":"cond-expr","locations":[{"start":{"line":443,"column":38},"end":{"line":443,"column":84}},{"start":{"line":443,"column":84},"end":{"line":443,"column":null}}],"line":443},"50":{"loc":{"start":{"line":458,"column":9},"end":{"line":493,"column":null}},"type":"binary-expr","locations":[{"start":{"line":458,"column":9},"end":{"line":458,"column":null}},{"start":{"line":459,"column":10},"end":{"line":493,"column":null}}],"line":458},"51":{"loc":{"start":{"line":468,"column":13},"end":{"line":490,"column":null}},"type":"cond-expr","locations":[{"start":{"line":469,"column":14},"end":{"line":475,"column":null}},{"start":{"line":477,"column":14},"end":{"line":490,"column":null}}],"line":468},"52":{"loc":{"start":{"line":477,"column":14},"end":{"line":490,"column":null}},"type":"cond-expr","locations":[{"start":{"line":478,"column":16},"end":{"line":483,"column":null}},{"start":{"line":485,"column":16},"end":{"line":490,"column":null}}],"line":477},"53":{"loc":{"start":{"line":497,"column":7},"end":{"line":506,"column":null}},"type":"binary-expr","locations":[{"start":{"line":497,"column":7},"end":{"line":497,"column":null}},{"start":{"line":498,"column":8},"end":{"line":506,"column":null}}],"line":497}},"s":{"0":2,"1":39,"2":58,"3":58,"4":58,"5":58,"6":58,"7":1,"8":1,"9":58,"10":58,"11":11,"12":6,"13":5,"14":4,"15":1,"16":47,"17":47,"18":1,"19":58,"20":16,"21":68,"22":68,"23":68,"24":68,"25":68,"26":68,"27":68,"28":68,"29":68,"30":68,"31":68,"32":68,"33":68,"34":68,"35":68,"36":9,"37":9,"38":9,"39":9,"40":9,"41":0,"42":0,"43":0,"44":68,"45":68,"46":4,"47":2,"48":1,"49":2,"50":2,"51":2,"52":1,"53":1,"54":1,"55":2,"56":2,"57":68,"58":16,"59":0,"60":16,"61":11,"62":11,"63":0,"64":11,"65":11,"66":10,"67":10,"68":11,"69":5,"70":5,"71":0,"72":5,"73":5,"74":5,"75":5,"76":5,"77":5,"78":5,"79":68,"80":4,"81":3,"82":3,"83":3,"84":1,"85":1,"86":68,"87":3,"88":3,"89":3,"90":3,"91":3,"92":3,"93":3,"94":68,"95":0,"96":0,"97":68,"98":0,"99":0,"100":0,"101":68,"102":0,"103":0,"104":0,"105":0,"106":68,"107":1,"108":1,"109":68,"110":0,"111":0,"112":68,"113":23,"114":68,"115":9,"116":59,"117":0,"118":0,"119":59,"120":1,"121":1,"122":0,"123":58,"124":68,"125":9,"126":49,"127":0,"128":0,"129":0,"130":0,"131":0,"132":0,"133":0,"134":0},"f":{"0":39,"1":58,"2":16,"3":68,"4":9,"5":9,"6":9,"7":0,"8":68,"9":1,"10":2,"11":1,"12":2,"13":16,"14":10,"15":5,"16":4,"17":3,"18":0,"19":0,"20":0,"21":0,"22":0,"23":1,"24":0,"25":23,"26":0,"27":1,"28":0,"29":0,"30":0,"31":0,"32":0,"33":0,"34":0,"35":0,"36":0},"b":{"0":[15,24],"1":[39,0],"2":[39,0],"3":[39,15,14,14],"4":[0,14],"5":[0,14],"6":[58,1],"7":[58,57,10],"8":[58,10],"9":[58,10,5],"10":[1,57],"11":[1,1],"12":[11,47],"13":[58,48],"14":[6,5],"15":[4,1],"16":[5,5,4],"17":[1,46],"18":[47,14,1],"19":[58,48],"20":[58,6],"21":[58,4],"22":[4,64],"23":[68,10],"24":[2,2],"25":[0,16],"26":[11,5],"27":[16,11],"28":[0,11],"29":[10,1],"30":[5,0],"31":[0,5],"32":[3,1],"33":[0,0],"34":[0,0],"35":[0,0],"36":[9,59],"37":[0,59],"38":[1,58],"39":[59,21,2],"40":[20,38],"41":[9,59],"42":[68,9,9],"43":[20,29],"44":[68,20,19],"45":[68,20,1],"46":[68,49],"47":[49,44],"48":[20,29],"49":[20,29],"50":[68,20],"51":[1,19],"52":[2,17],"53":[68,29]},"meta":{"lastBranch":54,"lastFunction":37,"lastStatement":135,"seen":{"s:28:56:125:Infinity":0,"f:28:56:28:57":0,"s:40:2:123:Infinity":1,"b:42:52:42:61:42:61:42:71":0,"b:49:9:49:Infinity:50:10:56:Infinity":1,"b:61:15:61:36:61:36:61:Infinity":2,"b:63:13:63:27:63:27:63:44:63:44:63:Infinity:64:14:69:Infinity":3,"b:66:77:66:105:66:105:66:132":4,"b:68:51:68:68:68:68:68:76":5,"f:79:30:79:31":1,"s:80:33:80:Infinity":2,"b:80:33:80:49:80:49:80:Infinity":6,"s:81:38:81:Infinity":3,"b:81:38:81:55:81:55:81:69:81:69:81:Infinity":7,"s:83:28:83:Infinity":4,"b:83:28:83:43:83:43:83:Infinity":8,"s:84:30:84:Infinity":5,"b:84:30:84:45:84:45:84:68:84:68:84:Infinity":9,"b:86:10:89:Infinity:undefined:undefined:undefined:undefined":10,"s:86:10:89:Infinity":6,"s:87:12:87:Infinity":7,"s:88:12:88:Infinity":8,"b:88:28:88:46:88:46:88:Infinity":11,"s:91:28:91:Infinity":9,"b:93:10:107:Infinity:101:17:107:Infinity":12,"s:93:10:107:Infinity":10,"b:93:14:93:29:93:29:93:43":13,"b:94:12:100:Infinity:96:12:100:Infinity":14,"s:94:12:100:Infinity":11,"s:95:14:95:Infinity":12,"b:96:12:100:Infinity:98:19:100:Infinity":15,"s:96:12:100:Infinity":13,"b:96:23:96:42:96:42:96:65:96:65:96:81":16,"s:97:14:97:Infinity":14,"s:99:14:99:Infinity":15,"s:102:12:102:Infinity":16,"b:104:12:106:Infinity:undefined:undefined:undefined:undefined":17,"s:104:12:106:Infinity":17,"b:104:16:104:30:104:30:104:65:104:65:104:90":18,"s:105:15:105:Infinity":18,"s:109:10:119:Infinity":19,"f:112:23:112:29":2,"s:112:29:112:Infinity":20,"b:113:24:113:39:113:39:113:Infinity":19,"b:117:15:117:30:117:30:117:Infinity":20,"b:118:15:118:32:118:32:118:Infinity":21,"f:127:24:127:30":3,"s:128:38:128:Infinity":21,"s:129:28:129:Infinity":22,"s:130:24:130:Infinity":23,"s:133:52:133:Infinity":24,"s:134:36:134:Infinity":25,"s:137:32:137:Infinity":26,"s:138:38:138:Infinity":27,"s:141:44:141:Infinity":28,"s:144:46:144:Infinity":29,"s:145:46:145:Infinity":30,"s:146:42:146:Infinity":31,"s:147:52:147:Infinity":32,"s:158:2:158:Infinity":33,"s:170:2:170:Infinity":34,"s:172:2:185:Infinity":35,"f:172:12:172:18":4,"s:173:4:184:Infinity":36,"f:174:12:174:13":5,"s:174:21:174:31":37,"f:175:12:175:13":6,"s:176:14:176:Infinity":38,"s:177:8:177:Infinity":39,"s:178:8:178:Infinity":40,"f:180:13:180:14":7,"s:181:8:181:Infinity":41,"s:182:8:182:Infinity":42,"s:183:8:183:Infinity":43,"s:188:2:204:Infinity":44,"f:188:12:188:18":8,"b:189:4:203:Infinity:undefined:undefined:undefined:undefined":22,"s:189:4:203:Infinity":45,"b:189:8:189:25:189:25:189:70":23,"b:190:6:202:Infinity:195:13:202:Infinity":24,"s:190:6:202:Infinity":46,"s:191:22:193:Infinity":47,"f:191:33:191:39":9,"s:192:10:192:Infinity":48,"s:194:8:194:Infinity":49,"f:194:15:194:21":10,"s:194:21:194:Infinity":50,"s:196:22:200:Infinity":51,"f:196:33:196:39":11,"s:197:10:197:Infinity":52,"s:198:10:198:Infinity":53,"s:199:10:199:Infinity":54,"s:201:8:201:Infinity":55,"f:201:15:201:21":12,"s:201:21:201:Infinity":56,"s:206:25:235:Infinity":57,"f:206:25:206:26":13,"b:207:4:207:Infinity:undefined:undefined:undefined:undefined":25,"s:207:4:207:Infinity":58,"s:207:21:207:Infinity":59,"b:209:4:219:Infinity:undefined:undefined:undefined:undefined":26,"s:209:4:219:Infinity":60,"b:209:8:209:28:209:28:209:50":27,"s:210:30:210:Infinity":61,"b:211:6:211:Infinity:undefined:undefined:undefined:undefined":28,"s:211:6:211:Infinity":62,"s:211:28:211:Infinity":63,"s:213:6:213:Infinity":64,"b:215:6:217:Infinity:undefined:undefined:undefined:undefined":29,"s:215:6:217:Infinity":65,"s:216:8:216:Infinity":66,"f:216:28:216:36":14,"s:216:36:216:44":67,"s:218:6:218:Infinity":68,"b:221:4:234:Infinity:undefined:undefined:undefined:undefined":30,"s:221:4:234:Infinity":69,"b:222:6:222:Infinity:undefined:undefined:undefined:undefined":31,"s:222:6:222:Infinity":70,"s:222:29:222:Infinity":71,"s:224:6:224:Infinity":72,"s:225:6:225:Infinity":73,"s:227:24:227:Infinity":74,"s:229:6:233:Infinity":75,"f:229:17:229:23":15,"s:230:8:230:Infinity":76,"s:231:8:231:Infinity":77,"s:232:8:232:Infinity":78,"s:237:28:246:Infinity":79,"f:237:28:237:34":16,"b:238:4:245:Infinity:242:11:245:Infinity":32,"s:238:4:245:Infinity":80,"s:239:6:239:Infinity":81,"s:240:6:240:Infinity":82,"s:241:6:241:Infinity":83,"s:243:6:243:Infinity":84,"s:244:6:244:Infinity":85,"s:248:26:256:Infinity":86,"f:248:26:248:32":17,"s:249:4:249:Infinity":87,"s:250:4:250:Infinity":88,"s:251:4:251:Infinity":89,"s:252:4:252:Infinity":90,"s:253:4:253:Infinity":91,"s:254:4:254:Infinity":92,"s:255:4:255:Infinity":93,"s:258:25:262:Infinity":94,"f:258:25:258:31":18,"b:259:4:261:Infinity:undefined:undefined:undefined:undefined":33,"s:259:4:261:Infinity":95,"s:260:6:260:Infinity":96,"s:264:21:270:Infinity":97,"f:264:21:264:27":19,"s:265:4:269:Infinity":98,"f:265:22:265:Infinity":20,"s:266:6:268:Infinity":99,"b:267:10:267:Infinity:268:10:268:Infinity":34,"f:267:22:267:27":21,"s:267:27:267:49":100,"s:272:24:278:Infinity":101,"f:272:24:272:30":22,"b:273:4:277:Infinity:undefined:undefined:undefined:undefined":35,"s:273:4:277:Infinity":102,"s:274:6:274:Infinity":103,"s:275:6:275:Infinity":104,"s:276:6:276:Infinity":105,"s:280:24:283:Infinity":106,"f:280:24:280:30":23,"s:281:4:281:Infinity":107,"s:282:4:282:Infinity":108,"s:285:32:288:Infinity":109,"f:285:32:285:38":24,"s:286:4:286:Infinity":110,"s:287:4:287:Infinity":111,"s:290:8:292:Infinity":112,"f:290:34:290:40":25,"s:291:4:291:Infinity":113,"b:294:2:300:Infinity:undefined:undefined:undefined:undefined":36,"s:294:2:300:Infinity":114,"s:295:4:298:Infinity":115,"b:302:2:318:Infinity:undefined:undefined:undefined:undefined":37,"s:302:2:318:Infinity":116,"s:303:4:316:Infinity":117,"f:309:21:309:27":26,"s:309:27:309:Infinity":118,"b:321:2:333:Infinity:undefined:undefined:undefined:undefined":38,"s:321:2:333:Infinity":119,"b:321:6:321:26:321:26:321:44:321:44:321:66":39,"s:322:4:331:Infinity":120,"f:328:20:328:26":27,"s:328:26:328:Infinity":121,"f:329:18:329:24":28,"s:329:24:329:Infinity":122,"s:336:26:336:Infinity":123,"b:336:45:336:79:336:79:336:Infinity":40,"b:338:2:359:Infinity:undefined:undefined:undefined:undefined":41,"s:338:2:359:Infinity":124,"b:338:6:338:26:338:26:338:53:338:53:338:72":42,"s:339:4:357:Infinity":125,"s:361:2:520:Infinity":126,"b:364:8:364:Infinity:366:8:414:Infinity":43,"b:417:7:417:27:417:27:417:Infinity:418:8:424:Infinity":44,"b:427:7:427:27:427:27:427:Infinity:428:8:436:Infinity":45,"f:431:21:431:27":29,"s:431:27:431:Infinity":127,"b:441:11:441:Infinity:442:12:454:Infinity":46,"b:445:21:445:44:445:44:445:Infinity":47,"b:450:52:450:88:450:88:450:Infinity":48,"b:443:38:443:84:443:84:443:Infinity":49,"b:458:9:458:Infinity:459:10:493:Infinity":50,"f:461:23:461:29":30,"s:461:29:461:Infinity":128,"f:461:49:461:57":31,"s:461:57:461:78":129,"b:469:14:475:Infinity:477:14:490:Infinity":51,"f:470:25:470:31":32,"s:470:31:470:Infinity":130,"f:470:51:470:59":33,"s:470:59:470:103":131,"b:478:16:483:Infinity:485:16:490:Infinity":52,"f:486:27:486:33":34,"s:486:33:486:Infinity":132,"f:486:53:486:61":35,"s:486:61:486:105":133,"b:497:7:497:Infinity:498:8:506:Infinity":53,"f:512:17:512:23":36,"s:512:23:512:Infinity":134}}}
,"/home/eyal/Documents/TheoryApp/src/components/RemainingCount.tsx": {"path":"/home/eyal/Documents/TheoryApp/src/components/RemainingCount.tsx","statementMap":{"0":{"start":{"line":8,"column":2},"end":{"line":28,"column":null}}},"fnMap":{"0":{"name":"RemainingCount","decl":{"start":{"line":7,"column":16},"end":{"line":7,"column":31}},"loc":{"start":{"line":7,"column":63},"end":{"line":30,"column":null}},"line":7}},"branchMap":{},"s":{"0":32},"f":{"0":32},"b":{},"meta":{"lastBranch":0,"lastFunction":1,"lastStatement":1,"seen":{"f:7:16:7:31":0,"s:8:2:28:Infinity":0}}}
,"/home/eyal/Documents/TheoryApp/src/components/ReviewModal.tsx": {"path":"/home/eyal/Documents/TheoryApp/src/components/ReviewModal.tsx","statementMap":{"0":{"start":{"line":11,"column":2},"end":{"line":65,"column":null}}},"fnMap":{"0":{"name":"ReviewModal","decl":{"start":{"line":10,"column":16},"end":{"line":10,"column":28}},"loc":{"start":{"line":10,"column":79},"end":{"line":67,"column":null}},"line":10}},"branchMap":{"0":{"loc":{"start":{"line":13,"column":7},"end":{"line":63,"column":null}},"type":"binary-expr","locations":[{"start":{"line":13,"column":7},"end":{"line":13,"column":null}},{"start":{"line":14,"column":8},"end":{"line":63,"column":null}}],"line":13}},"s":{"0":49},"f":{"0":49},"b":{"0":[49,1]},"meta":{"lastBranch":1,"lastFunction":1,"lastStatement":1,"seen":{"f:10:16:10:28":0,"s:11:2:65:Infinity":0,"b:13:7:13:Infinity:14:8:63:Infinity":0}}}
,"/home/eyal/Documents/TheoryApp/src/components/TestModeHeader.tsx": {"path":"/home/eyal/Documents/TheoryApp/src/components/TestModeHeader.tsx","statementMap":{"0":{"start":{"line":10,"column":61},"end":{"line":47,"column":null}},"1":{"start":{"line":11,"column":21},"end":{"line":15,"column":null}},"2":{"start":{"line":12,"column":17},"end":{"line":12,"column":null}},"3":{"start":{"line":13,"column":17},"end":{"line":13,"column":null}},"4":{"start":{"line":14,"column":4},"end":{"line":14,"column":null}},"5":{"start":{"line":17,"column":2},"end":{"line":45,"column":null}}},"fnMap":{"0":{"name":"(anonymous_0)","decl":{"start":{"line":10,"column":61},"end":{"line":10,"column":62}},"loc":{"start":{"line":10,"column":87},"end":{"line":47,"column":null}},"line":10},"1":{"name":"(anonymous_1)","decl":{"start":{"line":11,"column":21},"end":{"line":11,"column":22}},"loc":{"start":{"line":11,"column":42},"end":{"line":15,"column":null}},"line":11}},"branchMap":{"0":{"loc":{"start":{"line":30,"column":38},"end":{"line":30,"column":89}},"type":"cond-expr","locations":[{"start":{"line":30,"column":55},"end":{"line":30,"column":72}},{"start":{"line":30,"column":72},"end":{"line":30,"column":89}}],"line":30},"1":{"loc":{"start":{"line":33,"column":54},"end":{"line":33,"column":103}},"type":"cond-expr","locations":[{"start":{"line":33,"column":71},"end":{"line":33,"column":88}},{"start":{"line":33,"column":88},"end":{"line":33,"column":103}}],"line":33}},"s":{"0":3,"1":24,"2":24,"3":24,"4":24,"5":24},"f":{"0":24,"1":24},"b":{"0":[2,22],"1":[2,22]},"meta":{"lastBranch":2,"lastFunction":2,"lastStatement":6,"seen":{"s:10:61:47:Infinity":0,"f:10:61:10:62":0,"s:11:21:15:Infinity":1,"f:11:21:11:22":1,"s:12:17:12:Infinity":2,"s:13:17:13:Infinity":3,"s:14:4:14:Infinity":4,"s:17:2:45:Infinity":5,"b:30:55:30:72:30:72:30:89":0,"b:33:71:33:88:33:88:33:103":1}}}
,"/home/eyal/Documents/TheoryApp/src/components/TestModeNavigation.tsx": {"path":"/home/eyal/Documents/TheoryApp/src/components/TestModeNavigation.tsx","statementMap":{"0":{"start":{"line":12,"column":69},"end":{"line":56,"column":null}},"1":{"start":{"line":19,"column":2},"end":{"line":54,"column":null}},"2":{"start":{"line":23,"column":28},"end":{"line":23,"column":null}},"3":{"start":{"line":24,"column":29},"end":{"line":24,"column":null}},"4":{"start":{"line":25,"column":28},"end":{"line":25,"column":null}},"5":{"start":{"line":27,"column":10},"end":{"line":50,"column":null}},"6":{"start":{"line":30,"column":29},"end":{"line":30,"column":null}}},"fnMap":{"0":{"name":"(anonymous_0)","decl":{"start":{"line":12,"column":69},"end":{"line":12,"column":70}},"loc":{"start":{"line":18,"column":6},"end":{"line":56,"column":null}},"line":18},"1":{"name":"(anonymous_1)","decl":{"start":{"line":22,"column":52},"end":{"line":22,"column":53}},"loc":{"start":{"line":22,"column":62},"end":{"line":52,"column":9}},"line":22},"2":{"name":"(anonymous_2)","decl":{"start":{"line":30,"column":23},"end":{"line":30,"column":29}},"loc":{"start":{"line":30,"column":29},"end":{"line":30,"column":null}},"line":30}},"branchMap":{"0":{"loc":{"start":{"line":33,"column":18},"end":{"line":33,"column":71}},"type":"cond-expr","locations":[{"start":{"line":33,"column":30},"end":{"line":33,"column":69}},{"start":{"line":33,"column":69},"end":{"line":33,"column":71}}],"line":33},"1":{"loc":{"start":{"line":34,"column":18},"end":{"line":36,"column":null}},"type":"cond-expr","locations":[{"start":{"line":35,"column":20},"end":{"line":35,"column":null}},{"start":{"line":36,"column":20},"end":{"line":36,"column":null}}],"line":34},"2":{"loc":{"start":{"line":42,"column":15},"end":{"line":48,"column":null}},"type":"binary-expr","locations":[{"start":{"line":42,"column":15},"end":{"line":42,"column":null}},{"start":{"line":43,"column":16},"end":{"line":48,"column":null}}],"line":42}},"s":{"0":3,"1":24,"2":340,"3":340,"4":340,"5":340,"6":1},"f":{"0":24,"1":340,"2":1},"b":{"0":[24,316],"1":[88,252],"2":[340,10]},"meta":{"lastBranch":3,"lastFunction":3,"lastStatement":7,"seen":{"s:12:69:56:Infinity":0,"f:12:69:12:70":0,"s:19:2:54:Infinity":1,"f:22:52:22:53":1,"s:23:28:23:Infinity":2,"s:24:29:24:Infinity":3,"s:25:28:25:Infinity":4,"s:27:10:50:Infinity":5,"f:30:23:30:29":2,"s:30:29:30:Infinity":6,"b:33:30:33:69:33:69:33:71":0,"b:35:20:35:Infinity:36:20:36:Infinity":1,"b:42:15:42:Infinity:43:16:48:Infinity":2}}}
,"/home/eyal/Documents/TheoryApp/src/components/TestModeResult.tsx": {"path":"/home/eyal/Documents/TheoryApp/src/components/TestModeResult.tsx","statementMap":{"0":{"start":{"line":13,"column":61},"end":{"line":91,"column":null}},"1":{"start":{"line":20,"column":21},"end":{"line":24,"column":null}},"2":{"start":{"line":21,"column":17},"end":{"line":21,"column":null}},"3":{"start":{"line":22,"column":17},"end":{"line":22,"column":null}},"4":{"start":{"line":23,"column":4},"end":{"line":23,"column":null}},"5":{"start":{"line":26,"column":2},"end":{"line":89,"column":null}}},"fnMap":{"0":{"name":"(anonymous_0)","decl":{"start":{"line":13,"column":61},"end":{"line":13,"column":62}},"loc":{"start":{"line":19,"column":6},"end":{"line":91,"column":null}},"line":19},"1":{"name":"(anonymous_1)","decl":{"start":{"line":20,"column":21},"end":{"line":20,"column":22}},"loc":{"start":{"line":20,"column":42},"end":{"line":24,"column":null}},"line":20}},"branchMap":{"0":{"loc":{"start":{"line":34,"column":11},"end":{"line":41,"column":null}},"type":"cond-expr","locations":[{"start":{"line":35,"column":12},"end":{"line":37,"column":null}},{"start":{"line":39,"column":12},"end":{"line":41,"column":null}}],"line":34},"1":{"loc":{"start":{"line":45,"column":51},"end":{"line":45,"column":95}},"type":"cond-expr","locations":[{"start":{"line":45,"column":62},"end":{"line":45,"column":81}},{"start":{"line":45,"column":81},"end":{"line":45,"column":95}}],"line":45},"2":{"loc":{"start":{"line":46,"column":11},"end":{"line":46,"column":null}},"type":"cond-expr","locations":[{"start":{"line":46,"column":22},"end":{"line":46,"column":41}},{"start":{"line":46,"column":41},"end":{"line":46,"column":null}}],"line":46},"3":{"loc":{"start":{"line":50,"column":11},"end":{"line":52,"column":null}},"type":"cond-expr","locations":[{"start":{"line":51,"column":14},"end":{"line":51,"column":null}},{"start":{"line":52,"column":14},"end":{"line":52,"column":null}}],"line":50},"4":{"loc":{"start":{"line":58,"column":51},"end":{"line":58,"column":95}},"type":"cond-expr","locations":[{"start":{"line":58,"column":62},"end":{"line":58,"column":81}},{"start":{"line":58,"column":81},"end":{"line":58,"column":95}}],"line":58}},"s":{"0":3,"1":6,"2":6,"3":6,"4":6,"5":6},"f":{"0":6,"1":6},"b":{"0":[4,2],"1":[4,2],"2":[4,2],"3":[4,2],"4":[4,2]},"meta":{"lastBranch":5,"lastFunction":2,"lastStatement":6,"seen":{"s:13:61:91:Infinity":0,"f:13:61:13:62":0,"s:20:21:24:Infinity":1,"f:20:21:20:22":1,"s:21:17:21:Infinity":2,"s:22:17:22:Infinity":3,"s:23:4:23:Infinity":4,"s:26:2:89:Infinity":5,"b:35:12:37:Infinity:39:12:41:Infinity":0,"b:45:62:45:81:45:81:45:95":1,"b:46:22:46:41:46:41:46:Infinity":2,"b:51:14:51:Infinity:52:14:52:Infinity":3,"b:58:62:58:81:58:81:58:95":4}}}
,"/home/eyal/Documents/TheoryApp/src/components/Toast.tsx": {"path":"/home/eyal/Documents/TheoryApp/src/components/Toast.tsx","statementMap":{"0":{"start":{"line":13,"column":2},"end":{"line":20,"column":null}},"1":{"start":{"line":14,"column":4},"end":{"line":19,"column":null}},"2":{"start":{"line":15,"column":20},"end":{"line":17,"column":null}},"3":{"start":{"line":16,"column":8},"end":{"line":16,"column":null}},"4":{"start":{"line":18,"column":6},"end":{"line":18,"column":null}},"5":{"start":{"line":18,"column":19},"end":{"line":18,"column":null}},"6":{"start":{"line":22,"column":2},"end":{"line":35,"column":null}}},"fnMap":{"0":{"name":"Toast","decl":{"start":{"line":12,"column":16},"end":{"line":12,"column":22}},"loc":{"start":{"line":12,"column":84},"end":{"line":37,"column":null}},"line":12},"1":{"name":"(anonymous_1)","decl":{"start":{"line":13,"column":12},"end":{"line":13,"column":18}},"loc":{"start":{"line":13,"column":18},"end":{"line":20,"column":5}},"line":13},"2":{"name":"(anonymous_2)","decl":{"start":{"line":15,"column":31},"end":{"line":15,"column":37}},"loc":{"start":{"line":15,"column":37},"end":{"line":17,"column":9}},"line":15},"3":{"name":"(anonymous_3)","decl":{"start":{"line":18,"column":13},"end":{"line":18,"column":19}},"loc":{"start":{"line":18,"column":19},"end":{"line":18,"column":null}},"line":18}},"branchMap":{"0":{"loc":{"start":{"line":12,"column":53},"end":{"line":12,"column":69}},"type":"default-arg","locations":[{"start":{"line":12,"column":64},"end":{"line":12,"column":69}}],"line":12},"1":{"loc":{"start":{"line":14,"column":4},"end":{"line":19,"column":null}},"type":"if","locations":[{"start":{"line":14,"column":4},"end":{"line":19,"column":null}},{"start":{},"end":{}}],"line":14},"2":{"loc":{"start":{"line":24,"column":7},"end":{"line":33,"column":null}},"type":"binary-expr","locations":[{"start":{"line":24,"column":7},"end":{"line":24,"column":null}},{"start":{"line":25,"column":8},"end":{"line":33,"column":null}}],"line":24}},"s":{"0":52,"1":52,"2":16,"3":1,"4":16,"5":16,"6":52},"f":{"0":52,"1":52,"2":1,"3":16},"b":{"0":[52],"1":[16,36],"2":[52,16]},"meta":{"lastBranch":3,"lastFunction":4,"lastStatement":7,"seen":{"f:12:16:12:22":0,"b:12:64:12:69":0,"s:13:2:20:Infinity":0,"f:13:12:13:18":1,"b:14:4:19:Infinity:undefined:undefined:undefined:undefined":1,"s:14:4:19:Infinity":1,"s:15:20:17:Infinity":2,"f:15:31:15:37":2,"s:16:8:16:Infinity":3,"s:18:6:18:Infinity":4,"f:18:13:18:19":3,"s:18:19:18:Infinity":5,"s:22:2:35:Infinity":6,"b:24:7:24:Infinity:25:8:33:Infinity":2}}}
,"/home/eyal/Documents/TheoryApp/src/hooks/useQuiz.ts": {"path":"/home/eyal/Documents/TheoryApp/src/hooks/useQuiz.ts","statementMap":{"0":{"start":{"line":13,"column":30},"end":{"line":16,"column":null}},"1":{"start":{"line":14,"column":18},"end":{"line":14,"column":null}},"2":{"start":{"line":15,"column":4},"end":{"line":15,"column":null}},"3":{"start":{"line":18,"column":32},"end":{"line":21,"column":null}},"4":{"start":{"line":19,"column":18},"end":{"line":19,"column":null}},"5":{"start":{"line":20,"column":4},"end":{"line":20,"column":null}},"6":{"start":{"line":23,"column":32},"end":{"line":23,"column":null}},"7":{"start":{"line":24,"column":36},"end":{"line":24,"column":null}},"8":{"start":{"line":27,"column":40},"end":{"line":27,"column":null}},"9":{"start":{"line":31,"column":2},"end":{"line":41,"column":null}},"10":{"start":{"line":32,"column":4},"end":{"line":40,"column":null}},"11":{"start":{"line":33,"column":23},"end":{"line":33,"column":null}},"12":{"start":{"line":33,"column":52},"end":{"line":33,"column":71}},"13":{"start":{"line":34,"column":6},"end":{"line":34,"column":null}},"14":{"start":{"line":35,"column":6},"end":{"line":35,"column":null}},"15":{"start":{"line":36,"column":4},"end":{"line":40,"column":null}},"16":{"start":{"line":39,"column":6},"end":{"line":39,"column":null}},"17":{"start":{"line":39,"column":27},"end":{"line":39,"column":64}},"18":{"start":{"line":39,"column":44},"end":{"line":39,"column":63}},"19":{"start":{"line":44,"column":2},"end":{"line":46,"column":null}},"20":{"start":{"line":45,"column":4},"end":{"line":45,"column":null}},"21":{"start":{"line":48,"column":2},"end":{"line":50,"column":null}},"22":{"start":{"line":49,"column":4},"end":{"line":49,"column":null}},"23":{"start":{"line":52,"column":26},"end":{"line":52,"column":null}},"24":{"start":{"line":54,"column":23},"end":{"line":97,"column":null}},"25":{"start":{"line":55,"column":4},"end":{"line":55,"column":null}},"26":{"start":{"line":55,"column":26},"end":{"line":55,"column":null}},"27":{"start":{"line":58,"column":4},"end":{"line":67,"column":null}},"28":{"start":{"line":59,"column":6},"end":{"line":66,"column":null}},"29":{"start":{"line":60,"column":8},"end":{"line":60,"column":null}},"30":{"start":{"line":60,"column":19},"end":{"line":60,"column":null}},"31":{"start":{"line":61,"column":8},"end":{"line":65,"column":null}},"32":{"start":{"line":69,"column":4},"end":{"line":96,"column":null}},"33":{"start":{"line":71,"column":6},"end":{"line":75,"column":null}},"34":{"start":{"line":72,"column":21},"end":{"line":72,"column":null}},"35":{"start":{"line":73,"column":8},"end":{"line":73,"column":null}},"36":{"start":{"line":74,"column":8},"end":{"line":74,"column":null}},"37":{"start":{"line":77,"column":6},"end":{"line":81,"column":null}},"38":{"start":{"line":78,"column":21},"end":{"line":78,"column":null}},"39":{"start":{"line":79,"column":8},"end":{"line":79,"column":null}},"40":{"start":{"line":80,"column":8},"end":{"line":80,"column":null}},"41":{"start":{"line":83,"column":6},"end":{"line":83,"column":null}},"42":{"start":{"line":83,"column":27},"end":{"line":83,"column":40}},"43":{"start":{"line":86,"column":6},"end":{"line":90,"column":null}},"44":{"start":{"line":87,"column":21},"end":{"line":87,"column":null}},"45":{"start":{"line":88,"column":8},"end":{"line":88,"column":null}},"46":{"start":{"line":89,"column":8},"end":{"line":89,"column":null}},"47":{"start":{"line":92,"column":6},"end":{"line":95,"column":null}},"48":{"start":{"line":93,"column":33},"end":{"line":93,"column":null}},"49":{"start":{"line":94,"column":8},"end":{"line":94,"column":null}},"50":{"start":{"line":99,"column":29},"end":{"line":114,"column":null}},"51":{"start":{"line":100,"column":17},"end":{"line":100,"column":null}},"52":{"start":{"line":101,"column":4},"end":{"line":101,"column":null}},"53":{"start":{"line":101,"column":27},"end":{"line":101,"column":null}},"54":{"start":{"line":103,"column":4},"end":{"line":107,"column":null}},"55":{"start":{"line":109,"column":4},"end":{"line":113,"column":null}},"56":{"start":{"line":110,"column":30},"end":{"line":110,"column":null}},"57":{"start":{"line":110,"column":47},"end":{"line":110,"column":66}},"58":{"start":{"line":111,"column":29},"end":{"line":111,"column":null}},"59":{"start":{"line":111,"column":46},"end":{"line":111,"column":66}},"60":{"start":{"line":112,"column":6},"end":{"line":112,"column":null}},"61":{"start":{"line":116,"column":29},"end":{"line":118,"column":null}},"62":{"start":{"line":117,"column":4},"end":{"line":117,"column":null}},"63":{"start":{"line":120,"column":2},"end":{"line":130,"column":null}}},"fnMap":{"0":{"name":"useQuiz","decl":{"start":{"line":11,"column":16},"end":{"line":11,"column":24}},"loc":{"start":{"line":11,"column":54},"end":{"line":131,"column":null}},"line":11},"1":{"name":"(anonymous_1)","decl":{"start":{"line":13,"column":56},"end":{"line":13,"column":62}},"loc":{"start":{"line":13,"column":62},"end":{"line":16,"column":3}},"line":13},"2":{"name":"(anonymous_2)","decl":{"start":{"line":18,"column":58},"end":{"line":18,"column":64}},"loc":{"start":{"line":18,"column":64},"end":{"line":21,"column":3}},"line":18},"3":{"name":"(anonymous_3)","decl":{"start":{"line":31,"column":12},"end":{"line":31,"column":18}},"loc":{"start":{"line":31,"column":18},"end":{"line":41,"column":5}},"line":31},"4":{"name":"(anonymous_4)","decl":{"start":{"line":33,"column":47},"end":{"line":33,"column":52}},"loc":{"start":{"line":33,"column":52},"end":{"line":33,"column":71}},"line":33},"5":{"name":"(anonymous_5)","decl":{"start":{"line":39,"column":19},"end":{"line":39,"column":27}},"loc":{"start":{"line":39,"column":27},"end":{"line":39,"column":64}},"line":39},"6":{"name":"(anonymous_6)","decl":{"start":{"line":39,"column":39},"end":{"line":39,"column":44}},"loc":{"start":{"line":39,"column":44},"end":{"line":39,"column":63}},"line":39},"7":{"name":"(anonymous_7)","decl":{"start":{"line":44,"column":12},"end":{"line":44,"column":18}},"loc":{"start":{"line":44,"column":18},"end":{"line":46,"column":5}},"line":44},"8":{"name":"(anonymous_8)","decl":{"start":{"line":48,"column":12},"end":{"line":48,"column":18}},"loc":{"start":{"line":48,"column":18},"end":{"line":50,"column":5}},"line":48},"9":{"name":"(anonymous_9)","decl":{"start":{"line":54,"column":23},"end":{"line":54,"column":24}},"loc":{"start":{"line":54,"column":47},"end":{"line":97,"column":null}},"line":54},"10":{"name":"(anonymous_10)","decl":{"start":{"line":59,"column":23},"end":{"line":59,"column":31}},"loc":{"start":{"line":59,"column":31},"end":{"line":66,"column":7}},"line":59},"11":{"name":"(anonymous_11)","decl":{"start":{"line":71,"column":18},"end":{"line":71,"column":26}},"loc":{"start":{"line":71,"column":26},"end":{"line":75,"column":7}},"line":71},"12":{"name":"(anonymous_12)","decl":{"start":{"line":77,"column":19},"end":{"line":77,"column":27}},"loc":{"start":{"line":77,"column":27},"end":{"line":81,"column":7}},"line":77},"13":{"name":"(anonymous_13)","decl":{"start":{"line":83,"column":19},"end":{"line":83,"column":27}},"loc":{"start":{"line":83,"column":27},"end":{"line":83,"column":40}},"line":83},"14":{"name":"(anonymous_14)","decl":{"start":{"line":86,"column":19},"end":{"line":86,"column":27}},"loc":{"start":{"line":86,"column":27},"end":{"line":90,"column":7}},"line":86},"15":{"name":"(anonymous_15)","decl":{"start":{"line":92,"column":19},"end":{"line":92,"column":27}},"loc":{"start":{"line":92,"column":27},"end":{"line":95,"column":7}},"line":92},"16":{"name":"(anonymous_16)","decl":{"start":{"line":99,"column":29},"end":{"line":99,"column":35}},"loc":{"start":{"line":99,"column":35},"end":{"line":114,"column":null}},"line":99},"17":{"name":"(anonymous_17)","decl":{"start":{"line":109,"column":17},"end":{"line":109,"column":25}},"loc":{"start":{"line":109,"column":25},"end":{"line":113,"column":5}},"line":109},"18":{"name":"(anonymous_18)","decl":{"start":{"line":110,"column":42},"end":{"line":110,"column":47}},"loc":{"start":{"line":110,"column":47},"end":{"line":110,"column":66}},"line":110},"19":{"name":"(anonymous_19)","decl":{"start":{"line":111,"column":41},"end":{"line":111,"column":46}},"loc":{"start":{"line":111,"column":46},"end":{"line":111,"column":66}},"line":111},"20":{"name":"(anonymous_20)","decl":{"start":{"line":116,"column":29},"end":{"line":116,"column":35}},"loc":{"start":{"line":116,"column":35},"end":{"line":118,"column":null}},"line":116}},"branchMap":{"0":{"loc":{"start":{"line":15,"column":11},"end":{"line":15,"column":null}},"type":"cond-expr","locations":[{"start":{"line":15,"column":19},"end":{"line":15,"column":48}},{"start":{"line":15,"column":48},"end":{"line":15,"column":null}}],"line":15},"1":{"loc":{"start":{"line":20,"column":11},"end":{"line":20,"column":null}},"type":"cond-expr","locations":[{"start":{"line":20,"column":19},"end":{"line":20,"column":48}},{"start":{"line":20,"column":48},"end":{"line":20,"column":null}}],"line":20},"2":{"loc":{"start":{"line":32,"column":4},"end":{"line":40,"column":null}},"type":"if","locations":[{"start":{"line":32,"column":4},"end":{"line":40,"column":null}},{"start":{"line":36,"column":4},"end":{"line":40,"column":null}}],"line":32},"3":{"loc":{"start":{"line":32,"column":8},"end":{"line":32,"column":53}},"type":"binary-expr","locations":[{"start":{"line":32,"column":8},"end":{"line":32,"column":39}},{"start":{"line":32,"column":39},"end":{"line":32,"column":53}}],"line":32},"4":{"loc":{"start":{"line":36,"column":4},"end":{"line":40,"column":null}},"type":"if","locations":[{"start":{"line":36,"column":4},"end":{"line":40,"column":null}},{"start":{},"end":{}}],"line":36},"5":{"loc":{"start":{"line":36,"column":15},"end":{"line":36,"column":59}},"type":"binary-expr","locations":[{"start":{"line":36,"column":15},"end":{"line":36,"column":46}},{"start":{"line":36,"column":46},"end":{"line":36,"column":59}}],"line":36},"6":{"loc":{"start":{"line":52,"column":26},"end":{"line":52,"column":null}},"type":"cond-expr","locations":[{"start":{"line":52,"column":49},"end":{"line":52,"column":64}},{"start":{"line":52,"column":64},"end":{"line":52,"column":null}}],"line":52},"7":{"loc":{"start":{"line":55,"column":4},"end":{"line":55,"column":null}},"type":"if","locations":[{"start":{"line":55,"column":4},"end":{"line":55,"column":null}},{"start":{},"end":{}}],"line":55},"8":{"loc":{"start":{"line":58,"column":4},"end":{"line":67,"column":null}},"type":"if","locations":[{"start":{"line":58,"column":4},"end":{"line":67,"column":null}},{"start":{},"end":{}}],"line":58},"9":{"loc":{"start":{"line":60,"column":8},"end":{"line":60,"column":null}},"type":"if","locations":[{"start":{"line":60,"column":8},"end":{"line":60,"column":null}},{"start":{},"end":{}}],"line":60},"10":{"loc":{"start":{"line":64,"column":18},"end":{"line":64,"column":null}},"type":"binary-expr","locations":[{"start":{"line":64,"column":18},"end":{"line":64,"column":33}},{"start":{"line":64,"column":33},"end":{"line":64,"column":null}}],"line":64},"11":{"loc":{"start":{"line":69,"column":4},"end":{"line":96,"column":null}},"type":"if","locations":[{"start":{"line":69,"column":4},"end":{"line":96,"column":null}},{"start":{"line":84,"column":11},"end":{"line":96,"column":null}}],"line":69},"12":{"loc":{"start":{"line":101,"column":4},"end":{"line":101,"column":null}},"type":"if","locations":[{"start":{"line":101,"column":4},"end":{"line":101,"column":null}},{"start":{},"end":{}}],"line":101}},"s":{"0":102,"1":16,"2":16,"3":102,"4":16,"5":16,"6":102,"7":102,"8":102,"9":102,"10":45,"11":16,"12":175,"13":16,"14":16,"15":29,"16":20,"17":17,"18":139,"19":102,"20":20,"21":102,"22":29,"23":102,"24":102,"25":13,"26":0,"27":13,"28":4,"29":4,"30":0,"31":4,"32":13,"33":4,"34":4,"35":4,"36":4,"37":4,"38":4,"39":4,"40":4,"41":4,"42":4,"43":9,"44":9,"45":9,"46":9,"47":9,"48":9,"49":9,"50":102,"51":6,"52":6,"53":0,"54":6,"55":6,"56":6,"57":13,"58":6,"59":13,"60":6,"61":102,"62":1,"63":102},"f":{"0":102,"1":16,"2":16,"3":45,"4":175,"5":17,"6":139,"7":20,"8":29,"9":13,"10":4,"11":4,"12":4,"13":4,"14":9,"15":9,"16":6,"17":6,"18":13,"19":13,"20":1},"b":{"0":[2,14],"1":[1,15],"2":[16,29],"3":[45,36],"4":[20,9],"5":[29,20],"6":[77,25],"7":[0,13],"8":[4,9],"9":[0,4],"10":[4,4],"11":[4,9],"12":[0,6]},"meta":{"lastBranch":13,"lastFunction":21,"lastStatement":64,"seen":{"f:11:16:11:24":0,"s:13:30:16:Infinity":0,"f:13:56:13:62":1,"s:14:18:14:Infinity":1,"s:15:4:15:Infinity":2,"b:15:19:15:48:15:48:15:Infinity":0,"s:18:32:21:Infinity":3,"f:18:58:18:64":2,"s:19:18:19:Infinity":4,"s:20:4:20:Infinity":5,"b:20:19:20:48:20:48:20:Infinity":1,"s:23:32:23:Infinity":6,"s:24:36:24:Infinity":7,"s:27:40:27:Infinity":8,"s:31:2:41:Infinity":9,"f:31:12:31:18":3,"b:32:4:40:Infinity:36:4:40:Infinity":2,"s:32:4:40:Infinity":10,"b:32:8:32:39:32:39:32:53":3,"s:33:23:33:Infinity":11,"f:33:47:33:52":4,"s:33:52:33:71":12,"s:34:6:34:Infinity":13,"s:35:6:35:Infinity":14,"b:36:4:40:Infinity:undefined:undefined:undefined:undefined":4,"s:36:4:40:Infinity":15,"b:36:15:36:46:36:46:36:59":5,"s:39:6:39:Infinity":16,"f:39:19:39:27":5,"s:39:27:39:64":17,"f:39:39:39:44":6,"s:39:44:39:63":18,"s:44:2:46:Infinity":19,"f:44:12:44:18":7,"s:45:4:45:Infinity":20,"s:48:2:50:Infinity":21,"f:48:12:48:18":8,"s:49:4:49:Infinity":22,"s:52:26:52:Infinity":23,"b:52:49:52:64:52:64:52:Infinity":6,"s:54:23:97:Infinity":24,"f:54:23:54:24":9,"b:55:4:55:Infinity:undefined:undefined:undefined:undefined":7,"s:55:4:55:Infinity":25,"s:55:26:55:Infinity":26,"b:58:4:67:Infinity:undefined:undefined:undefined:undefined":8,"s:58:4:67:Infinity":27,"s:59:6:66:Infinity":28,"f:59:23:59:31":10,"b:60:8:60:Infinity:undefined:undefined:undefined:undefined":9,"s:60:8:60:Infinity":29,"s:60:19:60:Infinity":30,"s:61:8:65:Infinity":31,"b:64:18:64:33:64:33:64:Infinity":10,"b:69:4:96:Infinity:84:11:96:Infinity":11,"s:69:4:96:Infinity":32,"s:71:6:75:Infinity":33,"f:71:18:71:26":11,"s:72:21:72:Infinity":34,"s:73:8:73:Infinity":35,"s:74:8:74:Infinity":36,"s:77:6:81:Infinity":37,"f:77:19:77:27":12,"s:78:21:78:Infinity":38,"s:79:8:79:Infinity":39,"s:80:8:80:Infinity":40,"s:83:6:83:Infinity":41,"f:83:19:83:27":13,"s:83:27:83:40":42,"s:86:6:90:Infinity":43,"f:86:19:86:27":14,"s:87:21:87:Infinity":44,"s:88:8:88:Infinity":45,"s:89:8:89:Infinity":46,"s:92:6:95:Infinity":47,"f:92:19:92:27":15,"s:93:33:93:Infinity":48,"s:94:8:94:Infinity":49,"s:99:29:114:Infinity":50,"f:99:29:99:35":16,"s:100:17:100:Infinity":51,"b:101:4:101:Infinity:undefined:undefined:undefined:undefined":12,"s:101:4:101:Infinity":52,"s:101:27:101:Infinity":53,"s:103:4:107:Infinity":54,"s:109:4:113:Infinity":55,"f:109:17:109:25":17,"s:110:30:110:Infinity":56,"f:110:42:110:47":18,"s:110:47:110:66":57,"s:111:29:111:Infinity":58,"f:111:41:111:46":19,"s:111:46:111:66":59,"s:112:6:112:Infinity":60,"s:116:29:118:Infinity":61,"f:116:29:116:35":20,"s:117:4:117:Infinity":62,"s:120:2:130:Infinity":63}}}
,"/home/eyal/Documents/TheoryApp/src/hooks/useTestMode.ts": {"path":"/home/eyal/Documents/TheoryApp/src/hooks/useTestMode.ts","statementMap":{"0":{"start":{"line":6,"column":32},"end":{"line":6,"column":null}},"1":{"start":{"line":7,"column":8},"end":{"line":7,"column":null}},"2":{"start":{"line":8,"column":41},"end":{"line":8,"column":null}},"3":{"start":{"line":9,"column":30},"end":{"line":9,"column":null}},"4":{"start":{"line":10,"column":34},"end":{"line":10,"column":null}},"5":{"start":{"line":11,"column":30},"end":{"line":11,"column":null}},"6":{"start":{"line":12,"column":24},"end":{"line":12,"column":null}},"7":{"start":{"line":13,"column":32},"end":{"line":13,"column":null}},"8":{"start":{"line":14,"column":8},"end":{"line":14,"column":null}},"9":{"start":{"line":16,"column":8},"end":{"line":28,"column":null}},"10":{"start":{"line":17,"column":4},"end":{"line":17,"column":null}},"11":{"start":{"line":18,"column":4},"end":{"line":18,"column":null}},"12":{"start":{"line":18,"column":26},"end":{"line":18,"column":null}},"13":{"start":{"line":20,"column":25},"end":{"line":24,"column":null}},"14":{"start":{"line":21,"column":26},"end":{"line":21,"column":null}},"15":{"start":{"line":22,"column":6},"end":{"line":22,"column":null}},"16":{"start":{"line":22,"column":37},"end":{"line":22,"column":null}},"17":{"start":{"line":23,"column":6},"end":{"line":23,"column":null}},"18":{"start":{"line":26,"column":4},"end":{"line":26,"column":null}},"19":{"start":{"line":27,"column":4},"end":{"line":27,"column":null}},"20":{"start":{"line":30,"column":8},"end":{"line":57,"column":null}},"21":{"start":{"line":31,"column":10},"end":{"line":31,"column":null}},"22":{"start":{"line":31,"column":50},"end":{"line":31,"column":78}},"23":{"start":{"line":32,"column":10},"end":{"line":32,"column":null}},"24":{"start":{"line":32,"column":51},"end":{"line":32,"column":75}},"25":{"start":{"line":33,"column":10},"end":{"line":33,"column":null}},"26":{"start":{"line":33,"column":52},"end":{"line":33,"column":75}},"27":{"start":{"line":34,"column":10},"end":{"line":34,"column":null}},"28":{"start":{"line":34,"column":53},"end":{"line":34,"column":79}},"29":{"start":{"line":36,"column":10},"end":{"line":36,"column":null}},"30":{"start":{"line":37,"column":4},"end":{"line":37,"column":null}},"31":{"start":{"line":38,"column":4},"end":{"line":38,"column":null}},"32":{"start":{"line":39,"column":4},"end":{"line":39,"column":null}},"33":{"start":{"line":40,"column":4},"end":{"line":40,"column":null}},"34":{"start":{"line":41,"column":4},"end":{"line":41,"column":null}},"35":{"start":{"line":42,"column":4},"end":{"line":42,"column":null}},"36":{"start":{"line":43,"column":4},"end":{"line":43,"column":null}},"37":{"start":{"line":44,"column":4},"end":{"line":44,"column":null}},"38":{"start":{"line":46,"column":4},"end":{"line":46,"column":null}},"39":{"start":{"line":46,"column":26},"end":{"line":46,"column":null}},"40":{"start":{"line":47,"column":4},"end":{"line":56,"column":null}},"41":{"start":{"line":48,"column":6},"end":{"line":55,"column":null}},"42":{"start":{"line":49,"column":8},"end":{"line":53,"column":null}},"43":{"start":{"line":50,"column":10},"end":{"line":50,"column":null}},"44":{"start":{"line":50,"column":32},"end":{"line":50,"column":null}},"45":{"start":{"line":51,"column":10},"end":{"line":51,"column":null}},"46":{"start":{"line":52,"column":10},"end":{"line":52,"column":null}},"47":{"start":{"line":54,"column":8},"end":{"line":54,"column":null}},"48":{"start":{"line":59,"column":8},"end":{"line":62,"column":null}},"49":{"start":{"line":60,"column":4},"end":{"line":60,"column":null}},"50":{"start":{"line":61,"column":4},"end":{"line":61,"column":null}},"51":{"start":{"line":61,"column":33},"end":{"line":61,"column":67}},"52":{"start":{"line":64,"column":2},"end":{"line":68,"column":null}},"53":{"start":{"line":65,"column":4},"end":{"line":67,"column":null}},"54":{"start":{"line":66,"column":6},"end":{"line":66,"column":null}},"55":{"start":{"line":66,"column":28},"end":{"line":66,"column":null}},"56":{"start":{"line":70,"column":2},"end":{"line":81,"column":null}}},"fnMap":{"0":{"name":"useTestMode","decl":{"start":{"line":5,"column":16},"end":{"line":5,"column":28}},"loc":{"start":{"line":5,"column":54},"end":{"line":82,"column":null}},"line":5},"1":{"name":"(anonymous_1)","decl":{"start":{"line":16,"column":33},"end":{"line":16,"column":39}},"loc":{"start":{"line":16,"column":39},"end":{"line":28,"column":5}},"line":16},"2":{"name":"(anonymous_2)","decl":{"start":{"line":20,"column":42},"end":{"line":20,"column":43}},"loc":{"start":{"line":20,"column":57},"end":{"line":24,"column":7}},"line":20},"3":{"name":"(anonymous_3)","decl":{"start":{"line":30,"column":32},"end":{"line":30,"column":38}},"loc":{"start":{"line":30,"column":38},"end":{"line":57,"column":5}},"line":30},"4":{"name":"(anonymous_4)","decl":{"start":{"line":31,"column":45},"end":{"line":31,"column":50}},"loc":{"start":{"line":31,"column":50},"end":{"line":31,"column":78}},"line":31},"5":{"name":"(anonymous_5)","decl":{"start":{"line":32,"column":46},"end":{"line":32,"column":51}},"loc":{"start":{"line":32,"column":51},"end":{"line":32,"column":75}},"line":32},"6":{"name":"(anonymous_6)","decl":{"start":{"line":33,"column":47},"end":{"line":33,"column":52}},"loc":{"start":{"line":33,"column":52},"end":{"line":33,"column":75}},"line":33},"7":{"name":"(anonymous_7)","decl":{"start":{"line":34,"column":48},"end":{"line":34,"column":53}},"loc":{"start":{"line":34,"column":53},"end":{"line":34,"column":79}},"line":34},"8":{"name":"(anonymous_8)","decl":{"start":{"line":47,"column":35},"end":{"line":47,"column":41}},"loc":{"start":{"line":47,"column":41},"end":{"line":56,"column":7}},"line":47},"9":{"name":"(anonymous_9)","decl":{"start":{"line":48,"column":18},"end":{"line":48,"column":26}},"loc":{"start":{"line":48,"column":26},"end":{"line":55,"column":7}},"line":48},"10":{"name":"(anonymous_10)","decl":{"start":{"line":59,"column":35},"end":{"line":59,"column":36}},"loc":{"start":{"line":59,"column":75},"end":{"line":62,"column":5}},"line":59},"11":{"name":"(anonymous_11)","decl":{"start":{"line":61,"column":24},"end":{"line":61,"column":33}},"loc":{"start":{"line":61,"column":33},"end":{"line":61,"column":67}},"line":61},"12":{"name":"(anonymous_12)","decl":{"start":{"line":64,"column":12},"end":{"line":64,"column":18}},"loc":{"start":{"line":64,"column":18},"end":{"line":68,"column":5}},"line":64},"13":{"name":"(anonymous_13)","decl":{"start":{"line":65,"column":11},"end":{"line":65,"column":17}},"loc":{"start":{"line":65,"column":17},"end":{"line":67,"column":null}},"line":65}},"branchMap":{"0":{"loc":{"start":{"line":18,"column":4},"end":{"line":18,"column":null}},"type":"if","locations":[{"start":{"line":18,"column":4},"end":{"line":18,"column":null}},{"start":{},"end":{}}],"line":18},"1":{"loc":{"start":{"line":22,"column":6},"end":{"line":22,"column":null}},"type":"if","locations":[{"start":{"line":22,"column":6},"end":{"line":22,"column":null}},{"start":{},"end":{}}],"line":22},"2":{"loc":{"start":{"line":23,"column":13},"end":{"line":23,"column":null}},"type":"cond-expr","locations":[{"start":{"line":23,"column":49},"end":{"line":23,"column":59}},{"start":{"line":23,"column":59},"end":{"line":23,"column":null}}],"line":23},"3":{"loc":{"start":{"line":46,"column":4},"end":{"line":46,"column":null}},"type":"if","locations":[{"start":{"line":46,"column":4},"end":{"line":46,"column":null}},{"start":{},"end":{}}],"line":46},"4":{"loc":{"start":{"line":49,"column":8},"end":{"line":53,"column":null}},"type":"if","locations":[{"start":{"line":49,"column":8},"end":{"line":53,"column":null}},{"start":{},"end":{}}],"line":49},"5":{"loc":{"start":{"line":50,"column":10},"end":{"line":50,"column":null}},"type":"if","locations":[{"start":{"line":50,"column":10},"end":{"line":50,"column":null}},{"start":{},"end":{}}],"line":50},"6":{"loc":{"start":{"line":66,"column":6},"end":{"line":66,"column":null}},"type":"if","locations":[{"start":{"line":66,"column":6},"end":{"line":66,"column":null}},{"start":{},"end":{}}],"line":66}},"s":{"0":80,"1":80,"2":80,"3":80,"4":80,"5":80,"6":80,"7":80,"8":80,"9":80,"10":3,"11":3,"12":3,"13":3,"14":40,"15":40,"16":0,"17":40,"18":3,"19":3,"20":80,"21":7,"22":428,"23":7,"24":428,"25":7,"26":428,"27":7,"28":428,"29":7,"30":7,"31":7,"32":7,"33":7,"34":7,"35":7,"36":7,"37":7,"38":7,"39":0,"40":7,"41":2406,"42":2406,"43":1,"44":1,"45":1,"46":1,"47":2405,"48":80,"49":41,"50":41,"51":41,"52":80,"53":13,"54":13,"55":7,"56":80},"f":{"0":80,"1":3,"2":40,"3":7,"4":428,"5":428,"6":428,"7":428,"8":2406,"9":2406,"10":41,"11":41,"12":13,"13":13},"b":{"0":[3,0],"1":[0,40],"2":[36,4],"3":[0,7],"4":[1,2405],"5":[1,0],"6":[7,6]},"meta":{"lastBranch":7,"lastFunction":14,"lastStatement":57,"seen":{"f:5:16:5:28":0,"s:6:32:6:Infinity":0,"s:7:8:7:Infinity":1,"s:8:41:8:Infinity":2,"s:9:30:9:Infinity":3,"s:10:34:10:Infinity":4,"s:11:30:11:Infinity":5,"s:12:24:12:Infinity":6,"s:13:32:13:Infinity":7,"s:14:8:14:Infinity":8,"s:16:8:28:Infinity":9,"f:16:33:16:39":1,"s:17:4:17:Infinity":10,"b:18:4:18:Infinity:undefined:undefined:undefined:undefined":0,"s:18:4:18:Infinity":11,"s:18:26:18:Infinity":12,"s:20:25:24:Infinity":13,"f:20:42:20:43":2,"s:21:26:21:Infinity":14,"b:22:6:22:Infinity:undefined:undefined:undefined:undefined":1,"s:22:6:22:Infinity":15,"s:22:37:22:Infinity":16,"s:23:6:23:Infinity":17,"b:23:49:23:59:23:59:23:Infinity":2,"s:26:4:26:Infinity":18,"s:27:4:27:Infinity":19,"s:30:8:57:Infinity":20,"f:30:32:30:38":3,"s:31:10:31:Infinity":21,"f:31:45:31:50":4,"s:31:50:31:78":22,"s:32:10:32:Infinity":23,"f:32:46:32:51":5,"s:32:51:32:75":24,"s:33:10:33:Infinity":25,"f:33:47:33:52":6,"s:33:52:33:75":26,"s:34:10:34:Infinity":27,"f:34:48:34:53":7,"s:34:53:34:79":28,"s:36:10:36:Infinity":29,"s:37:4:37:Infinity":30,"s:38:4:38:Infinity":31,"s:39:4:39:Infinity":32,"s:40:4:40:Infinity":33,"s:41:4:41:Infinity":34,"s:42:4:42:Infinity":35,"s:43:4:43:Infinity":36,"s:44:4:44:Infinity":37,"b:46:4:46:Infinity:undefined:undefined:undefined:undefined":3,"s:46:4:46:Infinity":38,"s:46:26:46:Infinity":39,"s:47:4:56:Infinity":40,"f:47:35:47:41":8,"s:48:6:55:Infinity":41,"f:48:18:48:26":9,"b:49:8:53:Infinity:undefined:undefined:undefined:undefined":4,"s:49:8:53:Infinity":42,"b:50:10:50:Infinity:undefined:undefined:undefined:undefined":5,"s:50:10:50:Infinity":43,"s:50:32:50:Infinity":44,"s:51:10:51:Infinity":45,"s:52:10:52:Infinity":46,"s:54:8:54:Infinity":47,"s:59:8:62:Infinity":48,"f:59:35:59:36":10,"s:60:4:60:Infinity":49,"s:61:4:61:Infinity":50,"f:61:24:61:33":11,"s:61:33:61:67":51,"s:64:2:68:Infinity":52,"f:64:12:64:18":12,"s:65:4:67:Infinity":53,"f:65:11:65:17":13,"b:66:6:66:Infinity:undefined:undefined:undefined:undefined":6,"s:66:6:66:Infinity":54,"s:66:28:66:Infinity":55,"s:70:2:81:Infinity":56}}}
,"/home/eyal/Documents/TheoryApp/src/utils/dataParser.ts": {"path":"/home/eyal/Documents/TheoryApp/src/utils/dataParser.ts","statementMap":{"0":{"start":{"line":4,"column":15},"end":{"line":4,"column":null}},"1":{"start":{"line":5,"column":18},"end":{"line":5,"column":null}},"2":{"start":{"line":6,"column":32},"end":{"line":6,"column":null}},"3":{"start":{"line":7,"column":17},"end":{"line":7,"column":null}},"4":{"start":{"line":9,"column":2},"end":{"line":50,"column":null}},"5":{"start":{"line":10,"column":22},"end":{"line":10,"column":null}},"6":{"start":{"line":11,"column":21},"end":{"line":11,"column":null}},"7":{"start":{"line":12,"column":28},"end":{"line":12,"column":null}},"8":{"start":{"line":15,"column":23},"end":{"line":15,"column":null}},"9":{"start":{"line":16,"column":15},"end":{"line":16,"column":null}},"10":{"start":{"line":17,"column":18},"end":{"line":17,"column":null}},"11":{"start":{"line":20,"column":20},"end":{"line":20,"column":null}},"12":{"start":{"line":21,"column":22},"end":{"line":21,"column":null}},"13":{"start":{"line":22,"column":30},"end":{"line":22,"column":null}},"14":{"start":{"line":24,"column":4},"end":{"line":33,"column":null}},"15":{"start":{"line":24,"column":17},"end":{"line":24,"column":20}},"16":{"start":{"line":25,"column":17},"end":{"line":25,"column":null}},"17":{"start":{"line":26,"column":19},"end":{"line":26,"column":null}},"18":{"start":{"line":27,"column":19},"end":{"line":27,"column":null}},"19":{"start":{"line":28,"column":24},"end":{"line":28,"column":null}},"20":{"start":{"line":30,"column":6},"end":{"line":32,"column":null}},"21":{"start":{"line":31,"column":8},"end":{"line":31,"column":null}},"22":{"start":{"line":35,"column":16},"end":{"line":35,"column":null}},"23":{"start":{"line":36,"column":21},"end":{"line":36,"column":null}},"24":{"start":{"line":39,"column":23},"end":{"line":39,"column":null}},"25":{"start":{"line":41,"column":4},"end":{"line":49,"column":null}},"26":{"start":{"line":42,"column":6},"end":{"line":48,"column":null}},"27":{"start":{"line":52,"column":2},"end":{"line":52,"column":null}}},"fnMap":{"0":{"name":"parseJsonQuestions","decl":{"start":{"line":3,"column":16},"end":{"line":3,"column":35}},"loc":{"start":{"line":3,"column":67},"end":{"line":53,"column":null}},"line":3}},"branchMap":{"0":{"loc":{"start":{"line":5,"column":18},"end":{"line":5,"column":null}},"type":"binary-expr","locations":[{"start":{"line":5,"column":18},"end":{"line":5,"column":42}},{"start":{"line":5,"column":42},"end":{"line":5,"column":null}}],"line":5},"1":{"loc":{"start":{"line":10,"column":22},"end":{"line":10,"column":null}},"type":"binary-expr","locations":[{"start":{"line":10,"column":22},"end":{"line":10,"column":39}},{"start":{"line":10,"column":39},"end":{"line":10,"column":null}}],"line":10},"2":{"loc":{"start":{"line":11,"column":21},"end":{"line":11,"column":null}},"type":"binary-expr","locations":[{"start":{"line":11,"column":21},"end":{"line":11,"column":40}},{"start":{"line":11,"column":40},"end":{"line":11,"column":null}}],"line":11},"3":{"loc":{"start":{"line":12,"column":28},"end":{"line":12,"column":null}},"type":"binary-expr","locations":[{"start":{"line":12,"column":28},"end":{"line":12,"column":51}},{"start":{"line":12,"column":51},"end":{"line":12,"column":null}}],"line":12},"4":{"loc":{"start":{"line":16,"column":15},"end":{"line":16,"column":null}},"type":"cond-expr","locations":[{"start":{"line":16,"column":28},"end":{"line":16,"column":44}},{"start":{"line":16,"column":44},"end":{"line":16,"column":null}}],"line":16},"5":{"loc":{"start":{"line":17,"column":18},"end":{"line":17,"column":null}},"type":"cond-expr","locations":[{"start":{"line":17,"column":31},"end":{"line":17,"column":47}},{"start":{"line":17,"column":47},"end":{"line":17,"column":null}}],"line":17},"6":{"loc":{"start":{"line":27,"column":19},"end":{"line":27,"column":null}},"type":"binary-expr","locations":[{"start":{"line":27,"column":19},"end":{"line":27,"column":48}},{"start":{"line":27,"column":48},"end":{"line":27,"column":null}}],"line":27},"7":{"loc":{"start":{"line":28,"column":24},"end":{"line":28,"column":null}},"type":"binary-expr","locations":[{"start":{"line":28,"column":24},"end":{"line":28,"column":65}},{"start":{"line":28,"column":65},"end":{"line":28,"column":null}}],"line":28},"8":{"loc":{"start":{"line":30,"column":6},"end":{"line":32,"column":null}},"type":"if","locations":[{"start":{"line":30,"column":6},"end":{"line":32,"column":null}},{"start":{},"end":{}}],"line":30},"9":{"loc":{"start":{"line":36,"column":21},"end":{"line":36,"column":null}},"type":"binary-expr","locations":[{"start":{"line":36,"column":21},"end":{"line":36,"column":49}},{"start":{"line":36,"column":49},"end":{"line":36,"column":null}}],"line":36},"10":{"loc":{"start":{"line":41,"column":4},"end":{"line":49,"column":null}},"type":"if","locations":[{"start":{"line":41,"column":4},"end":{"line":49,"column":null}},{"start":{},"end":{}}],"line":41},"11":{"loc":{"start":{"line":41,"column":8},"end":{"line":41,"column":57}},"type":"binary-expr","locations":[{"start":{"line":41,"column":8},"end":{"line":41,"column":14}},{"start":{"line":41,"column":14},"end":{"line":41,"column":23}},{"start":{"line":41,"column":23},"end":{"line":41,"column":45}},{"start":{"line":41,"column":45},"end":{"line":41,"column":57}}],"line":41}},"s":{"0":10,"1":10,"2":10,"3":10,"4":10,"5":157,"6":157,"7":157,"8":157,"9":157,"10":157,"11":157,"12":157,"13":157,"14":157,"15":157,"16":169,"17":169,"18":169,"19":169,"20":169,"21":169,"22":157,"23":157,"24":157,"25":157,"26":156,"27":10},"f":{"0":10},"b":{"0":[10,0],"1":[157,0],"2":[157,0],"3":[157,0],"4":[157,0],"5":[157,0],"6":[169,0],"7":[169,13],"8":[169,0],"9":[157,156],"10":[156,1],"11":[157,157,157,157]},"meta":{"lastBranch":12,"lastFunction":1,"lastStatement":28,"seen":{"f:3:16:3:35":0,"s:4:15:4:Infinity":0,"s:5:18:5:Infinity":1,"b:5:18:5:42:5:42:5:Infinity":0,"s:6:32:6:Infinity":2,"s:7:17:7:Infinity":3,"s:9:2:50:Infinity":4,"s:10:22:10:Infinity":5,"b:10:22:10:39:10:39:10:Infinity":1,"s:11:21:11:Infinity":6,"b:11:21:11:40:11:40:11:Infinity":2,"s:12:28:12:Infinity":7,"b:12:28:12:51:12:51:12:Infinity":3,"s:15:23:15:Infinity":8,"s:16:15:16:Infinity":9,"b:16:28:16:44:16:44:16:Infinity":4,"s:17:18:17:Infinity":10,"b:17:31:17:47:17:47:17:Infinity":5,"s:20:20:20:Infinity":11,"s:21:22:21:Infinity":12,"s:22:30:22:Infinity":13,"s:24:4:33:Infinity":14,"s:24:17:24:20":15,"s:25:17:25:Infinity":16,"s:26:19:26:Infinity":17,"s:27:19:27:Infinity":18,"b:27:19:27:48:27:48:27:Infinity":6,"s:28:24:28:Infinity":19,"b:28:24:28:65:28:65:28:Infinity":7,"b:30:6:32:Infinity:undefined:undefined:undefined:undefined":8,"s:30:6:32:Infinity":20,"s:31:8:31:Infinity":21,"s:35:16:35:Infinity":22,"s:36:21:36:Infinity":23,"b:36:21:36:49:36:49:36:Infinity":9,"s:39:23:39:Infinity":24,"b:41:4:49:Infinity:undefined:undefined:undefined:undefined":10,"s:41:4:49:Infinity":25,"b:41:8:41:14:41:14:41:23:41:23:41:45:41:45:41:57":11,"s:42:6:48:Infinity":26,"s:52:2:52:Infinity":27}}}
,"/home/eyal/Documents/TheoryApp/src/utils/shuffle.ts": {"path":"/home/eyal/Documents/TheoryApp/src/utils/shuffle.ts","statementMap":{"0":{"start":{"line":9,"column":17},"end":{"line":9,"column":null}},"1":{"start":{"line":11,"column":2},"end":{"line":14,"column":null}},"2":{"start":{"line":11,"column":15},"end":{"line":11,"column":34}},"3":{"start":{"line":12,"column":14},"end":{"line":12,"column":null}},"4":{"start":{"line":13,"column":4},"end":{"line":13,"column":null}},"5":{"start":{"line":16,"column":2},"end":{"line":16,"column":null}}},"fnMap":{"0":{"name":"shuffle","decl":{"start":{"line":8,"column":16},"end":{"line":8,"column":27}},"loc":{"start":{"line":8,"column":44},"end":{"line":17,"column":null}},"line":8}},"branchMap":{},"s":{"0":24,"1":24,"2":24,"3":523,"4":523,"5":24},"f":{"0":24},"b":{},"meta":{"lastBranch":0,"lastFunction":1,"lastStatement":6,"seen":{"f:8:16:8:27":0,"s:9:17:9:Infinity":0,"s:11:2:14:Infinity":1,"s:11:15:11:34":2,"s:12:14:12:Infinity":3,"s:13:4:13:Infinity":4,"s:16:2:16:Infinity":5}}}
}
